<?xml version="1.0" encoding="UTF-8"?>
<coverage generated="1736755630590" clover="3.2.0">
  <project timestamp="1736755630590" name="All files">
    <metrics statements="288" coveredstatements="225" conditionals="32" coveredconditionals="20" methods="67" coveredmethods="45" elements="387" coveredelements="290" complexity="0" loc="288" ncloc="288" packages="10" files="30" classes="30"/>
    <package name="wms-bpi-for-test-2024-12-06">
      <metrics statements="14" coveredstatements="13" conditionals="0" coveredconditionals="0" methods="1" coveredmethods="0"/>
      <file name="app.js" path="C:\Users\nmb_m\OneDrive\Desktop\wms-bpi-for-test-2024-12-06\app.js">
        <metrics statements="14" coveredstatements="13" conditionals="0" coveredconditionals="0" methods="1" coveredmethods="0"/>
        <line num="1" count="1" type="stmt"/>
        <line num="2" count="1" type="stmt"/>
        <line num="4" count="1" type="stmt"/>
        <line num="5" count="1" type="stmt"/>
        <line num="7" count="1" type="stmt"/>
        <line num="12" count="1" type="stmt"/>
        <line num="13" count="1" type="stmt"/>
        <line num="15" count="1" type="stmt"/>
        <line num="18" count="1" type="stmt"/>
        <line num="21" count="1" type="stmt"/>
        <line num="24" count="1" type="stmt"/>
        <line num="25" count="0" type="stmt"/>
        <line num="30" count="1" type="stmt"/>
        <line num="31" count="1" type="stmt"/>
      </file>
    </package>
    <package name="wms-bpi-for-test-2024-12-06.app.config">
      <metrics statements="7" coveredstatements="5" conditionals="0" coveredconditionals="0" methods="2" coveredmethods="1"/>
      <file name="db.config.js" path="C:\Users\nmb_m\OneDrive\Desktop\wms-bpi-for-test-2024-12-06\app\config\db.config.js">
        <metrics statements="7" coveredstatements="5" conditionals="0" coveredconditionals="0" methods="2" coveredmethods="1"/>
        <line num="1" count="1" type="stmt"/>
        <line num="2" count="13" type="stmt"/>
        <line num="5" count="13" type="stmt"/>
        <line num="10" count="1" type="stmt"/>
        <line num="11" count="0" type="stmt"/>
        <line num="14" count="0" type="stmt"/>
        <line num="19" count="1" type="stmt"/>
      </file>
    </package>
    <package name="wms-bpi-for-test-2024-12-06.app.controllers">
      <metrics statements="40" coveredstatements="22" conditionals="0" coveredconditionals="0" methods="8" coveredmethods="3"/>
      <file name="authentication.controller.js" path="C:\Users\nmb_m\OneDrive\Desktop\wms-bpi-for-test-2024-12-06\app\controllers\authentication.controller.js">
        <metrics statements="37" coveredstatements="20" conditionals="0" coveredconditionals="0" methods="7" coveredmethods="3"/>
        <line num="1" count="1" type="stmt"/>
        <line num="2" count="1" type="stmt"/>
        <line num="3" count="1" type="stmt"/>
        <line num="8" count="10" type="stmt"/>
        <line num="10" count="10" type="stmt"/>
        <line num="12" count="6" type="stmt"/>
        <line num="14" count="5" type="stmt"/>
        <line num="16" count="4" type="stmt"/>
        <line num="22" count="9" type="stmt"/>
        <line num="28" count="4" type="stmt"/>
        <line num="30" count="4" type="stmt"/>
        <line num="32" count="3" type="stmt"/>
        <line num="36" count="3" type="stmt"/>
        <line num="42" count="0" type="stmt"/>
        <line num="44" count="0" type="stmt"/>
        <line num="46" count="0" type="stmt"/>
        <line num="50" count="0" type="stmt"/>
        <line num="56" count="3" type="stmt"/>
        <line num="58" count="3" type="stmt"/>
        <line num="60" count="3" type="stmt"/>
        <line num="62" count="2" type="stmt"/>
        <line num="67" count="1" type="stmt"/>
        <line num="74" count="2" type="stmt"/>
        <line num="80" count="0" type="stmt"/>
        <line num="82" count="0" type="stmt"/>
        <line num="84" count="0" type="stmt"/>
        <line num="86" count="0" type="stmt"/>
        <line num="91" count="0" type="stmt"/>
        <line num="97" count="0" type="stmt"/>
        <line num="103" count="0" type="stmt"/>
        <line num="105" count="0" type="stmt"/>
        <line num="107" count="0" type="stmt"/>
        <line num="111" count="0" type="stmt"/>
        <line num="117" count="0" type="stmt"/>
        <line num="119" count="0" type="stmt"/>
        <line num="123" count="0" type="stmt"/>
        <line num="128" count="1" type="stmt"/>
      </file>
      <file name="division.controller.js" path="C:\Users\nmb_m\OneDrive\Desktop\wms-bpi-for-test-2024-12-06\app\controllers\division.controller.js">
        <metrics statements="3" coveredstatements="2" conditionals="0" coveredconditionals="0" methods="1" coveredmethods="0"/>
        <line num="1" count="1" type="stmt"/>
        <line num="6" count="0" type="stmt"/>
        <line num="9" count="1" type="stmt"/>
      </file>
    </package>
    <package name="wms-bpi-for-test-2024-12-06.app.middlewares">
      <metrics statements="26" coveredstatements="19" conditionals="8" coveredconditionals="3" methods="7" coveredmethods="5"/>
      <file name="dataCleaner.js" path="C:\Users\nmb_m\OneDrive\Desktop\wms-bpi-for-test-2024-12-06\app\middlewares\dataCleaner.js">
        <metrics statements="8" coveredstatements="6" conditionals="0" coveredconditionals="0" methods="3" coveredmethods="2"/>
        <line num="1" count="1" type="stmt"/>
        <line num="6" count="4" type="stmt"/>
        <line num="15" count="4" type="stmt"/>
        <line num="19" count="1" type="stmt"/>
        <line num="23" count="1" type="stmt"/>
        <line num="28" count="0" type="stmt"/>
        <line num="33" count="0" type="stmt"/>
        <line num="37" count="1" type="stmt"/>
      </file>
      <file name="jwt.js" path="C:\Users\nmb_m\OneDrive\Desktop\wms-bpi-for-test-2024-12-06\app\middlewares\jwt.js">
        <metrics statements="18" coveredstatements="13" conditionals="8" coveredconditionals="3" methods="4" coveredmethods="3"/>
        <line num="2" count="1" type="stmt"/>
        <line num="12" count="1" type="stmt"/>
        <line num="19" count="1" type="stmt"/>
        <line num="24" count="5" type="stmt"/>
        <line num="26" count="5" type="cond" truecount="2" falsecount="0"/>
        <line num="27" count="1" type="stmt"/>
        <line num="30" count="4" type="stmt"/>
        <line num="31" count="4" type="stmt"/>
        <line num="32" count="4" type="stmt"/>
        <line num="33" count="4" type="stmt"/>
        <line num="35" count="0" type="stmt"/>
        <line num="40" count="4" type="cond" truecount="1" falsecount="1"/>
        <line num="41" count="0" type="stmt"/>
        <line num="43" count="4" type="stmt"/>
        <line num="48" count="0" type="cond" truecount="0" falsecount="4"/>
        <line num="49" count="0" type="stmt"/>
        <line num="53" count="0" type="stmt"/>
        <line num="57" count="1" type="stmt"/>
      </file>
    </package>
    <package name="wms-bpi-for-test-2024-12-06.app.models">
      <metrics statements="80" coveredstatements="80" conditionals="0" coveredconditionals="0" methods="14" coveredmethods="14"/>
      <file name="apiPath.model.js" path="C:\Users\nmb_m\OneDrive\Desktop\wms-bpi-for-test-2024-12-06\app\models\apiPath.model.js">
        <metrics statements="3" coveredstatements="3" conditionals="0" coveredconditionals="0" methods="1" coveredmethods="1"/>
        <line num="1" count="1" type="stmt"/>
        <line num="2" count="1" type="stmt"/>
        <line num="24" count="1" type="stmt"/>
      </file>
      <file name="as400TransactionLog.model.js" path="C:\Users\nmb_m\OneDrive\Desktop\wms-bpi-for-test-2024-12-06\app\models\as400TransactionLog.model.js">
        <metrics statements="3" coveredstatements="3" conditionals="0" coveredconditionals="0" methods="1" coveredmethods="1"/>
        <line num="1" count="1" type="stmt"/>
        <line num="2" count="1" type="stmt"/>
        <line num="31" count="1" type="stmt"/>
      </file>
      <file name="authentication.js" path="C:\Users\nmb_m\OneDrive\Desktop\wms-bpi-for-test-2024-12-06\app\models\authentication.js">
        <metrics statements="3" coveredstatements="3" conditionals="0" coveredconditionals="0" methods="1" coveredmethods="1"/>
        <line num="1" count="1" type="stmt"/>
        <line num="2" count="1" type="stmt"/>
        <line num="36" count="1" type="stmt"/>
      </file>
      <file name="division.model.js" path="C:\Users\nmb_m\OneDrive\Desktop\wms-bpi-for-test-2024-12-06\app\models\division.model.js">
        <metrics statements="3" coveredstatements="3" conditionals="0" coveredconditionals="0" methods="1" coveredmethods="1"/>
        <line num="1" count="1" type="stmt"/>
        <line num="2" count="1" type="stmt"/>
        <line num="31" count="1" type="stmt"/>
      </file>
      <file name="index.js" path="C:\Users\nmb_m\OneDrive\Desktop\wms-bpi-for-test-2024-12-06\app\models\index.js">
        <metrics statements="38" coveredstatements="38" conditionals="0" coveredconditionals="0" methods="0" coveredmethods="0"/>
        <line num="1" count="1" type="stmt"/>
        <line num="2" count="1" type="stmt"/>
        <line num="3" count="1" type="stmt"/>
        <line num="5" count="1" type="stmt"/>
        <line num="6" count="1" type="stmt"/>
        <line num="9" count="1" type="stmt"/>
        <line num="10" count="1" type="stmt"/>
        <line num="22" count="1" type="stmt"/>
        <line num="23" count="1" type="stmt"/>
        <line num="24" count="1" type="stmt"/>
        <line num="27" count="1" type="stmt"/>
        <line num="28" count="1" type="stmt"/>
        <line num="32" count="1" type="stmt"/>
        <line num="33" count="1" type="stmt"/>
        <line num="34" count="1" type="stmt"/>
        <line num="35" count="1" type="stmt"/>
        <line num="36" count="1" type="stmt"/>
        <line num="37" count="1" type="stmt"/>
        <line num="38" count="1" type="stmt"/>
        <line num="39" count="1" type="stmt"/>
        <line num="40" count="1" type="stmt"/>
        <line num="41" count="1" type="stmt"/>
        <line num="42" count="1" type="stmt"/>
        <line num="43" count="1" type="stmt"/>
        <line num="46" count="1" type="stmt"/>
        <line num="47" count="1" type="stmt"/>
        <line num="48" count="1" type="stmt"/>
        <line num="53" count="1" type="stmt"/>
        <line num="54" count="1" type="stmt"/>
        <line num="55" count="1" type="stmt"/>
        <line num="60" count="1" type="stmt"/>
        <line num="61" count="1" type="stmt"/>
        <line num="62" count="1" type="stmt"/>
        <line num="67" count="1" type="stmt"/>
        <line num="68" count="1" type="stmt"/>
        <line num="69" count="1" type="stmt"/>
        <line num="70" count="1" type="stmt"/>
        <line num="72" count="1" type="stmt"/>
      </file>
      <file name="inventoryArea.model.js" path="C:\Users\nmb_m\OneDrive\Desktop\wms-bpi-for-test-2024-12-06\app\models\inventoryArea.model.js">
        <metrics statements="3" coveredstatements="3" conditionals="0" coveredconditionals="0" methods="1" coveredmethods="1"/>
        <line num="1" count="1" type="stmt"/>
        <line num="2" count="1" type="stmt"/>
        <line num="33" count="1" type="stmt"/>
      </file>
      <file name="job.model.js" path="C:\Users\nmb_m\OneDrive\Desktop\wms-bpi-for-test-2024-12-06\app\models\job.model.js">
        <metrics statements="3" coveredstatements="3" conditionals="0" coveredconditionals="0" methods="1" coveredmethods="1"/>
        <line num="1" count="1" type="stmt"/>
        <line num="2" count="1" type="stmt"/>
        <line num="29" count="1" type="stmt"/>
      </file>
      <file name="jobLog.model.js" path="C:\Users\nmb_m\OneDrive\Desktop\wms-bpi-for-test-2024-12-06\app\models\jobLog.model.js">
        <metrics statements="3" coveredstatements="3" conditionals="0" coveredconditionals="0" methods="1" coveredmethods="1"/>
        <line num="1" count="1" type="stmt"/>
        <line num="2" count="1" type="stmt"/>
        <line num="44" count="1" type="stmt"/>
      </file>
      <file name="jobStatus.model.js" path="C:\Users\nmb_m\OneDrive\Desktop\wms-bpi-for-test-2024-12-06\app\models\jobStatus.model.js">
        <metrics statements="3" coveredstatements="3" conditionals="0" coveredconditionals="0" methods="1" coveredmethods="1"/>
        <line num="1" count="1" type="stmt"/>
        <line num="2" count="1" type="stmt"/>
        <line num="29" count="1" type="stmt"/>
      </file>
      <file name="level.model.js" path="C:\Users\nmb_m\OneDrive\Desktop\wms-bpi-for-test-2024-12-06\app\models\level.model.js">
        <metrics statements="3" coveredstatements="3" conditionals="0" coveredconditionals="0" methods="1" coveredmethods="1"/>
        <line num="1" count="1" type="stmt"/>
        <line num="2" count="1" type="stmt"/>
        <line num="21" count="1" type="stmt"/>
      </file>
      <file name="mrRequest.model.js" path="C:\Users\nmb_m\OneDrive\Desktop\wms-bpi-for-test-2024-12-06\app\models\mrRequest.model.js">
        <metrics statements="3" coveredstatements="3" conditionals="0" coveredconditionals="0" methods="1" coveredmethods="1"/>
        <line num="1" count="1" type="stmt"/>
        <line num="2" count="1" type="stmt"/>
        <line num="53" count="1" type="stmt"/>
      </file>
      <file name="product.model.js" path="C:\Users\nmb_m\OneDrive\Desktop\wms-bpi-for-test-2024-12-06\app\models\product.model.js">
        <metrics statements="3" coveredstatements="3" conditionals="0" coveredconditionals="0" methods="1" coveredmethods="1"/>
        <line num="1" count="1" type="stmt"/>
        <line num="2" count="1" type="stmt"/>
        <line num="69" count="1" type="stmt"/>
      </file>
      <file name="productLog.model.js" path="C:\Users\nmb_m\OneDrive\Desktop\wms-bpi-for-test-2024-12-06\app\models\productLog.model.js">
        <metrics statements="3" coveredstatements="3" conditionals="0" coveredconditionals="0" methods="1" coveredmethods="1"/>
        <line num="1" count="1" type="stmt"/>
        <line num="2" count="1" type="stmt"/>
        <line num="81" count="1" type="stmt"/>
      </file>
      <file name="role.model.js" path="C:\Users\nmb_m\OneDrive\Desktop\wms-bpi-for-test-2024-12-06\app\models\role.model.js">
        <metrics statements="3" coveredstatements="3" conditionals="0" coveredconditionals="0" methods="1" coveredmethods="1"/>
        <line num="1" count="1" type="stmt"/>
        <line num="2" count="1" type="stmt"/>
        <line num="21" count="1" type="stmt"/>
      </file>
      <file name="unitPrice.model.js" path="C:\Users\nmb_m\OneDrive\Desktop\wms-bpi-for-test-2024-12-06\app\models\unitPrice.model.js">
        <metrics statements="3" coveredstatements="3" conditionals="0" coveredconditionals="0" methods="1" coveredmethods="1"/>
        <line num="1" count="1" type="stmt"/>
        <line num="2" count="1" type="stmt"/>
        <line num="24" count="1" type="stmt"/>
      </file>
    </package>
    <package name="wms-bpi-for-test-2024-12-06.app.repositories">
      <metrics statements="30" coveredstatements="24" conditionals="0" coveredconditionals="0" methods="16" coveredmethods="10"/>
      <file name="authentication.repository.js" path="C:\Users\nmb_m\OneDrive\Desktop\wms-bpi-for-test-2024-12-06\app\repositories\authentication.repository.js">
        <metrics statements="15" coveredstatements="13" conditionals="0" coveredconditionals="0" methods="8" coveredmethods="6"/>
        <line num="1" count="1" type="stmt"/>
        <line num="2" count="1" type="stmt"/>
        <line num="3" count="1" type="stmt"/>
        <line num="4" count="1" type="stmt"/>
        <line num="5" count="1" type="stmt"/>
        <line num="7" count="1" type="stmt"/>
        <line num="11" count="1" type="stmt"/>
        <line num="16" count="9" type="stmt"/>
        <line num="25" count="5" type="stmt"/>
        <line num="34" count="2" type="stmt"/>
        <line num="42" count="1" type="stmt"/>
        <line num="55" count="1" type="stmt"/>
        <line num="68" count="0" type="stmt"/>
        <line num="76" count="0" type="stmt"/>
        <line num="95" count="1" type="stmt"/>
      </file>
      <file name="base.repository.js" path="C:\Users\nmb_m\OneDrive\Desktop\wms-bpi-for-test-2024-12-06\app\repositories\base.repository.js">
        <metrics statements="9" coveredstatements="6" conditionals="0" coveredconditionals="0" methods="6" coveredmethods="3"/>
        <line num="3" count="2" type="stmt"/>
        <line num="7" count="4" type="stmt"/>
        <line num="8" count="4" type="stmt"/>
        <line num="12" count="0" type="stmt"/>
        <line num="16" count="0" type="stmt"/>
        <line num="20" count="3" type="stmt"/>
        <line num="21" count="3" type="stmt"/>
        <line num="24" count="0" type="stmt"/>
        <line num="32" count="1" type="stmt"/>
      </file>
      <file name="division.repository.js" path="C:\Users\nmb_m\OneDrive\Desktop\wms-bpi-for-test-2024-12-06\app\repositories\division.repository.js">
        <metrics statements="6" coveredstatements="5" conditionals="0" coveredconditionals="0" methods="2" coveredmethods="1"/>
        <line num="1" count="1" type="stmt"/>
        <line num="2" count="1" type="stmt"/>
        <line num="4" count="1" type="stmt"/>
        <line num="8" count="1" type="stmt"/>
        <line num="13" count="0" type="stmt"/>
        <line num="17" count="1" type="stmt"/>
      </file>
    </package>
    <package name="wms-bpi-for-test-2024-12-06.app.routes">
      <metrics statements="13" coveredstatements="13" conditionals="0" coveredconditionals="0" methods="2" coveredmethods="2"/>
      <file name="authentication.routes.js" path="C:\Users\nmb_m\OneDrive\Desktop\wms-bpi-for-test-2024-12-06\app\routes\authentication.routes.js">
        <metrics statements="10" coveredstatements="10" conditionals="0" coveredconditionals="0" methods="1" coveredmethods="1"/>
        <line num="1" count="1" type="stmt"/>
        <line num="2" count="1" type="stmt"/>
        <line num="4" count="1" type="stmt"/>
        <line num="5" count="1" type="stmt"/>
        <line num="6" count="1" type="stmt"/>
        <line num="7" count="1" type="stmt"/>
        <line num="13" count="1" type="stmt"/>
        <line num="19" count="1" type="stmt"/>
        <line num="23" count="1" type="stmt"/>
        <line num="29" count="1" type="stmt"/>
      </file>
      <file name="division.routes.js" path="C:\Users\nmb_m\OneDrive\Desktop\wms-bpi-for-test-2024-12-06\app\routes\division.routes.js">
        <metrics statements="3" coveredstatements="3" conditionals="0" coveredconditionals="0" methods="1" coveredmethods="1"/>
        <line num="1" count="1" type="stmt"/>
        <line num="3" count="1" type="stmt"/>
        <line num="4" count="1" type="stmt"/>
      </file>
    </package>
    <package name="wms-bpi-for-test-2024-12-06.app.schemas">
      <metrics statements="3" coveredstatements="3" conditionals="0" coveredconditionals="0" methods="0" coveredmethods="0"/>
      <file name="authenication.schema.js" path="C:\Users\nmb_m\OneDrive\Desktop\wms-bpi-for-test-2024-12-06\app\schemas\authenication.schema.js">
        <metrics statements="3" coveredstatements="3" conditionals="0" coveredconditionals="0" methods="0" coveredmethods="0"/>
        <line num="1" count="1" type="stmt"/>
        <line num="3" count="1" type="stmt"/>
        <line num="58" count="1" type="stmt"/>
      </file>
    </package>
    <package name="wms-bpi-for-test-2024-12-06.app.services">
      <metrics statements="58" coveredstatements="36" conditionals="14" coveredconditionals="12" methods="12" coveredmethods="7"/>
      <file name="authentication.service.js" path="C:\Users\nmb_m\OneDrive\Desktop\wms-bpi-for-test-2024-12-06\app\services\authentication.service.js">
        <metrics statements="55" coveredstatements="34" conditionals="14" coveredconditionals="12" methods="11" coveredmethods="7"/>
        <line num="1" count="1" type="stmt"/>
        <line num="2" count="1" type="stmt"/>
        <line num="3" count="1" type="stmt"/>
        <line num="67" count="4" type="stmt"/>
        <line num="68" count="4" type="stmt"/>
        <line num="69" count="1" type="stmt"/>
        <line num="71" count="3" type="cond" truecount="1" falsecount="1"/>
        <line num="72" count="3" type="stmt"/>
        <line num="74" count="0" type="stmt"/>
        <line num="93" count="6" type="stmt"/>
        <line num="96" count="6" type="cond" truecount="2" falsecount="0"/>
        <line num="97" count="1" type="stmt"/>
        <line num="116" count="5" type="stmt"/>
        <line num="117" count="5" type="cond" truecount="2" falsecount="0"/>
        <line num="118" count="1" type="stmt"/>
        <line num="139" count="3" type="stmt"/>
        <line num="140" count="3" type="stmt"/>
        <line num="141" count="3" type="stmt"/>
        <line num="142" count="1" type="stmt"/>
        <line num="144" count="2" type="cond" truecount="2" falsecount="0"/>
        <line num="145" count="1" type="stmt"/>
        <line num="147" count="1" type="cond" truecount="1" falsecount="1"/>
        <line num="148" count="1" type="stmt"/>
        <line num="150" count="0" type="stmt"/>
        <line num="169" count="0" type="stmt"/>
        <line num="170" count="0" type="stmt"/>
        <line num="171" count="0" type="stmt"/>
        <line num="172" count="0" type="stmt"/>
        <line num="174" count="0" type="stmt"/>
        <line num="193" count="3" type="stmt"/>
        <line num="194" count="3" type="cond" truecount="2" falsecount="0"/>
        <line num="195" count="1" type="stmt"/>
        <line num="215" count="2" type="stmt"/>
        <line num="219" count="2" type="stmt"/>
        <line num="223" count="2" type="cond" truecount="2" falsecount="0"/>
        <line num="224" count="1" type="stmt"/>
        <line num="245" count="1" type="stmt"/>
        <line num="246" count="1" type="stmt"/>
        <line num="247" count="1" type="stmt"/>
        <line num="248" count="1" type="stmt"/>
        <line num="250" count="0" type="stmt"/>
        <line num="272" count="0" type="stmt"/>
        <line num="273" count="0" type="stmt"/>
        <line num="274" count="0" type="stmt"/>
        <line num="275" count="0" type="stmt"/>
        <line num="276" count="0" type="stmt"/>
        <line num="278" count="0" type="stmt"/>
        <line num="297" count="0" type="stmt"/>
        <line num="298" count="0" type="stmt"/>
        <line num="299" count="0" type="stmt"/>
        <line num="301" count="0" type="stmt"/>
        <line num="329" count="0" type="stmt"/>
        <line num="330" count="0" type="stmt"/>
        <line num="332" count="0" type="stmt"/>
        <line num="337" count="1" type="stmt"/>
      </file>
      <file name="division.service.js" path="C:\Users\nmb_m\OneDrive\Desktop\wms-bpi-for-test-2024-12-06\app\services\division.service.js">
        <metrics statements="3" coveredstatements="2" conditionals="0" coveredconditionals="0" methods="1" coveredmethods="0"/>
        <line num="1" count="1" type="stmt"/>
        <line num="5" count="0" type="stmt"/>
        <line num="9" count="1" type="stmt"/>
      </file>
    </package>
    <package name="wms-bpi-for-test-2024-12-06.app.validators">
      <metrics statements="17" coveredstatements="10" conditionals="10" coveredconditionals="5" methods="5" coveredmethods="3"/>
      <file name="authentication.validator.js" path="C:\Users\nmb_m\OneDrive\Desktop\wms-bpi-for-test-2024-12-06\app\validators\authentication.validator.js">
        <metrics statements="17" coveredstatements="10" conditionals="10" coveredconditionals="5" methods="5" coveredmethods="3"/>
        <line num="1" count="1" type="stmt"/>
        <line num="6" count="10" type="stmt"/>
        <line num="7" count="10" type="cond" truecount="2" falsecount="0"/>
        <line num="9" count="4" type="stmt"/>
        <line num="15" count="4" type="stmt"/>
        <line num="16" count="4" type="cond" truecount="2" falsecount="0"/>
        <line num="18" count="1" type="stmt"/>
        <line num="24" count="3" type="stmt"/>
        <line num="25" count="3" type="cond" truecount="1" falsecount="1"/>
        <line num="27" count="0" type="stmt"/>
        <line num="33" count="0" type="stmt"/>
        <line num="34" count="0" type="cond" truecount="0" falsecount="2"/>
        <line num="36" count="0" type="stmt"/>
        <line num="42" count="0" type="stmt"/>
        <line num="43" count="0" type="cond" truecount="0" falsecount="2"/>
        <line num="45" count="0" type="stmt"/>
        <line num="50" count="1" type="stmt"/>
      </file>
    </package>
  </project>
</coverage>
