{"C:\\Users\\nmb_m\\OneDrive\\Desktop\\wms-bpi-for-test-2024-12-06\\app.js": {"path":"C:\\Users\\nmb_m\\OneDrive\\Desktop\\wms-bpi-for-test-2024-12-06\\app.js","statementMap":{"0":{"start":{"line":1,"column":16},"end":{"line":1,"column":34}},"1":{"start":{"line":2,"column":13},"end":{"line":2,"column":28}},"2":{"start":{"line":4,"column":12},"end":{"line":4,"column":21}},"3":{"start":{"line":5,"column":0},"end":{"line":5,"column":21}},"4":{"start":{"line":7,"column":18},"end":{"line":9,"column":1}},"5":{"start":{"line":12,"column":28},"end":{"line":12,"column":60}},"6":{"start":{"line":13,"column":0},"end":{"line":13,"column":34}},"7":{"start":{"line":15,"column":0},"end":{"line":15,"column":27}},"8":{"start":{"line":18,"column":0},"end":{"line":18,"column":24}},"9":{"start":{"line":21,"column":0},"end":{"line":21,"column":48}},"10":{"start":{"line":24,"column":0},"end":{"line":26,"column":3}},"11":{"start":{"line":25,"column":2},"end":{"line":25,"column":51}},"12":{"start":{"line":30,"column":0},"end":{"line":30,"column":51}},"13":{"start":{"line":31,"column":0},"end":{"line":31,"column":45}}},"fnMap":{"0":{"name":"(anonymous_0)","decl":{"start":{"line":24,"column":13},"end":{"line":24,"column":14}},"loc":{"start":{"line":24,"column":27},"end":{"line":26,"column":1}},"line":24}},"branchMap":{},"s":{"0":1,"1":1,"2":1,"3":1,"4":1,"5":1,"6":1,"7":1,"8":1,"9":1,"10":1,"11":0,"12":1,"13":1},"f":{"0":0},"b":{},"_coverageSchema":"1a1c01bbd47fc00a2c39e90264f33305004495a9","hash":"9c039ecfea5e43ff088b3ff73033bb067e3b3095"}
,"C:\\Users\\nmb_m\\OneDrive\\Desktop\\wms-bpi-for-test-2024-12-06\\app\\config\\db.config.js": {"path":"C:\\Users\\nmb_m\\OneDrive\\Desktop\\wms-bpi-for-test-2024-12-06\\app\\config\\db.config.js","statementMap":{"0":{"start":{"line":1,"column":35},"end":{"line":8,"column":1}},"1":{"start":{"line":2,"column":2},"end":{"line":4,"column":5}},"2":{"start":{"line":5,"column":2},"end":{"line":7,"column":5}},"3":{"start":{"line":10,"column":34},"end":{"line":17,"column":1}},"4":{"start":{"line":11,"column":2},"end":{"line":13,"column":5}},"5":{"start":{"line":14,"column":2},"end":{"line":16,"column":5}},"6":{"start":{"line":19,"column":0},"end":{"line":31,"column":2}}},"fnMap":{"0":{"name":"(anonymous_0)","decl":{"start":{"line":1,"column":35},"end":{"line":1,"column":36}},"loc":{"start":{"line":1,"column":73},"end":{"line":8,"column":1}},"line":1},"1":{"name":"(anonymous_1)","decl":{"start":{"line":10,"column":34},"end":{"line":10,"column":35}},"loc":{"start":{"line":10,"column":71},"end":{"line":17,"column":1}},"line":10}},"branchMap":{},"s":{"0":1,"1":13,"2":13,"3":1,"4":0,"5":0,"6":1},"f":{"0":13,"1":0},"b":{},"_coverageSchema":"1a1c01bbd47fc00a2c39e90264f33305004495a9","hash":"d33c654f0f211a6a745d378ae49b1633d70f8bdf"}
,"C:\\Users\\nmb_m\\OneDrive\\Desktop\\wms-bpi-for-test-2024-12-06\\app\\controllers\\authentication.controller.js": {"path":"C:\\Users\\nmb_m\\OneDrive\\Desktop\\wms-bpi-for-test-2024-12-06\\app\\controllers\\authentication.controller.js","statementMap":{"0":{"start":{"line":1,"column":30},"end":{"line":1,"column":75}},"1":{"start":{"line":2,"column":32},"end":{"line":2,"column":81}},"2":{"start":{"line":3,"column":34},"end":{"line":3,"column":71}},"3":{"start":{"line":8,"column":4},"end":{"line":23,"column":5}},"4":{"start":{"line":10,"column":6},"end":{"line":10,"column":61}},"5":{"start":{"line":12,"column":6},"end":{"line":12,"column":71}},"6":{"start":{"line":14,"column":6},"end":{"line":14,"column":70}},"7":{"start":{"line":16,"column":6},"end":{"line":20,"column":9}},"8":{"start":{"line":22,"column":6},"end":{"line":22,"column":53}},"9":{"start":{"line":28,"column":4},"end":{"line":37,"column":5}},"10":{"start":{"line":30,"column":6},"end":{"line":30,"column":65}},"11":{"start":{"line":32,"column":6},"end":{"line":34,"column":76}},"12":{"start":{"line":36,"column":6},"end":{"line":36,"column":53}},"13":{"start":{"line":42,"column":4},"end":{"line":51,"column":5}},"14":{"start":{"line":44,"column":6},"end":{"line":44,"column":67}},"15":{"start":{"line":46,"column":6},"end":{"line":48,"column":78}},"16":{"start":{"line":50,"column":6},"end":{"line":50,"column":53}},"17":{"start":{"line":56,"column":4},"end":{"line":75,"column":5}},"18":{"start":{"line":58,"column":6},"end":{"line":58,"column":60}},"19":{"start":{"line":60,"column":6},"end":{"line":60,"column":66}},"20":{"start":{"line":62,"column":6},"end":{"line":65,"column":8}},"21":{"start":{"line":67,"column":6},"end":{"line":72,"column":9}},"22":{"start":{"line":74,"column":6},"end":{"line":74,"column":53}},"23":{"start":{"line":80,"column":4},"end":{"line":98,"column":5}},"24":{"start":{"line":82,"column":6},"end":{"line":82,"column":69}},"25":{"start":{"line":84,"column":6},"end":{"line":84,"column":66}},"26":{"start":{"line":86,"column":6},"end":{"line":89,"column":8}},"27":{"start":{"line":91,"column":6},"end":{"line":95,"column":9}},"28":{"start":{"line":97,"column":6},"end":{"line":97,"column":53}},"29":{"start":{"line":103,"column":4},"end":{"line":112,"column":5}},"30":{"start":{"line":105,"column":6},"end":{"line":105,"column":68}},"31":{"start":{"line":107,"column":6},"end":{"line":109,"column":9}},"32":{"start":{"line":111,"column":6},"end":{"line":111,"column":53}},"33":{"start":{"line":117,"column":4},"end":{"line":124,"column":5}},"34":{"start":{"line":119,"column":6},"end":{"line":121,"column":9}},"35":{"start":{"line":123,"column":6},"end":{"line":123,"column":53}},"36":{"start":{"line":128,"column":0},"end":{"line":128,"column":48}}},"fnMap":{"0":{"name":"(anonymous_0)","decl":{"start":{"line":7,"column":2},"end":{"line":7,"column":3}},"loc":{"start":{"line":7,"column":25},"end":{"line":24,"column":3}},"line":7},"1":{"name":"(anonymous_1)","decl":{"start":{"line":27,"column":2},"end":{"line":27,"column":3}},"loc":{"start":{"line":27,"column":29},"end":{"line":38,"column":3}},"line":27},"2":{"name":"(anonymous_2)","decl":{"start":{"line":41,"column":2},"end":{"line":41,"column":3}},"loc":{"start":{"line":41,"column":31},"end":{"line":52,"column":3}},"line":41},"3":{"name":"(anonymous_3)","decl":{"start":{"line":55,"column":2},"end":{"line":55,"column":3}},"loc":{"start":{"line":55,"column":24},"end":{"line":76,"column":3}},"line":55},"4":{"name":"(anonymous_4)","decl":{"start":{"line":79,"column":2},"end":{"line":79,"column":3}},"loc":{"start":{"line":79,"column":33},"end":{"line":99,"column":3}},"line":79},"5":{"name":"(anonymous_5)","decl":{"start":{"line":102,"column":2},"end":{"line":102,"column":3}},"loc":{"start":{"line":102,"column":32},"end":{"line":113,"column":3}},"line":102},"6":{"name":"(anonymous_6)","decl":{"start":{"line":116,"column":2},"end":{"line":116,"column":3}},"loc":{"start":{"line":116,"column":32},"end":{"line":125,"column":3}},"line":116}},"branchMap":{},"s":{"0":1,"1":1,"2":1,"3":10,"4":10,"5":6,"6":5,"7":4,"8":9,"9":4,"10":4,"11":3,"12":3,"13":0,"14":0,"15":0,"16":0,"17":3,"18":3,"19":3,"20":2,"21":1,"22":2,"23":0,"24":0,"25":0,"26":0,"27":0,"28":0,"29":0,"30":0,"31":0,"32":0,"33":0,"34":0,"35":0,"36":1},"f":{"0":10,"1":4,"2":0,"3":3,"4":0,"5":0,"6":0},"b":{},"_coverageSchema":"1a1c01bbd47fc00a2c39e90264f33305004495a9","hash":"c95fb79796254262bd14a87b561d67cb00cb6a4b"}
,"C:\\Users\\nmb_m\\OneDrive\\Desktop\\wms-bpi-for-test-2024-12-06\\app\\controllers\\division.controller.js": {"path":"C:\\Users\\nmb_m\\OneDrive\\Desktop\\wms-bpi-for-test-2024-12-06\\app\\controllers\\division.controller.js","statementMap":{"0":{"start":{"line":1,"column":24},"end":{"line":1,"column":63}},"1":{"start":{"line":6,"column":6},"end":{"line":6,"column":86}},"2":{"start":{"line":9,"column":0},"end":{"line":9,"column":42}}},"fnMap":{"0":{"name":"(anonymous_0)","decl":{"start":{"line":5,"column":2},"end":{"line":5,"column":3}},"loc":{"start":{"line":5,"column":33},"end":{"line":7,"column":3}},"line":5}},"branchMap":{},"s":{"0":1,"1":0,"2":1},"f":{"0":0},"b":{},"_coverageSchema":"1a1c01bbd47fc00a2c39e90264f33305004495a9","hash":"8365666896b8dc1f48c7e4fc25dd2deca6406755"}
,"C:\\Users\\nmb_m\\OneDrive\\Desktop\\wms-bpi-for-test-2024-12-06\\app\\middlewares\\dataCleaner.js": {"path":"C:\\Users\\nmb_m\\OneDrive\\Desktop\\wms-bpi-for-test-2024-12-06\\app\\middlewares\\dataCleaner.js","statementMap":{"0":{"start":{"line":1,"column":15},"end":{"line":1,"column":32}},"1":{"start":{"line":6,"column":23},"end":{"line":13,"column":5}},"2":{"start":{"line":15,"column":4},"end":{"line":15,"column":22}},"3":{"start":{"line":19,"column":23},"end":{"line":21,"column":5}},"4":{"start":{"line":23,"column":4},"end":{"line":23,"column":22}},"5":{"start":{"line":28,"column":23},"end":{"line":31,"column":5}},"6":{"start":{"line":33,"column":4},"end":{"line":33,"column":22}},"7":{"start":{"line":37,"column":0},"end":{"line":37,"column":49}}},"fnMap":{"0":{"name":"(anonymous_0)","decl":{"start":{"line":5,"column":2},"end":{"line":5,"column":3}},"loc":{"start":{"line":5,"column":28},"end":{"line":16,"column":3}},"line":5},"1":{"name":"(anonymous_1)","decl":{"start":{"line":18,"column":2},"end":{"line":18,"column":3}},"loc":{"start":{"line":18,"column":27},"end":{"line":24,"column":3}},"line":18},"2":{"name":"(anonymous_2)","decl":{"start":{"line":27,"column":2},"end":{"line":27,"column":3}},"loc":{"start":{"line":27,"column":36},"end":{"line":34,"column":3}},"line":27}},"branchMap":{},"s":{"0":1,"1":4,"2":4,"3":1,"4":1,"5":0,"6":0,"7":1},"f":{"0":4,"1":1,"2":0},"b":{},"_coverageSchema":"1a1c01bbd47fc00a2c39e90264f33305004495a9","hash":"d284c442b2ab8c616151d7ee9d084a1d5d75c187"}
,"C:\\Users\\nmb_m\\OneDrive\\Desktop\\wms-bpi-for-test-2024-12-06\\app\\middlewares\\jwt.js": {"path":"C:\\Users\\nmb_m\\OneDrive\\Desktop\\wms-bpi-for-test-2024-12-06\\app\\middlewares\\jwt.js","statementMap":{"0":{"start":{"line":2,"column":12},"end":{"line":2,"column":35}},"1":{"start":{"line":12,"column":18},"end":{"line":18,"column":5}},"2":{"start":{"line":19,"column":4},"end":{"line":19,"column":17}},"3":{"start":{"line":24,"column":18},"end":{"line":24,"column":60}},"4":{"start":{"line":26,"column":4},"end":{"line":28,"column":5}},"5":{"start":{"line":27,"column":6},"end":{"line":27,"column":67}},"6":{"start":{"line":30,"column":4},"end":{"line":36,"column":5}},"7":{"start":{"line":31,"column":22},"end":{"line":31,"column":63}},"8":{"start":{"line":32,"column":6},"end":{"line":32,"column":25}},"9":{"start":{"line":33,"column":6},"end":{"line":33,"column":13}},"10":{"start":{"line":35,"column":6},"end":{"line":35,"column":74}},"11":{"start":{"line":40,"column":4},"end":{"line":42,"column":5}},"12":{"start":{"line":41,"column":6},"end":{"line":41,"column":64}},"13":{"start":{"line":43,"column":4},"end":{"line":43,"column":11}},"14":{"start":{"line":48,"column":4},"end":{"line":52,"column":5}},"15":{"start":{"line":49,"column":6},"end":{"line":51,"column":65}},"16":{"start":{"line":53,"column":4},"end":{"line":53,"column":11}},"17":{"start":{"line":57,"column":0},"end":{"line":57,"column":27}}},"fnMap":{"0":{"name":"(anonymous_0)","decl":{"start":{"line":11,"column":2},"end":{"line":11,"column":3}},"loc":{"start":{"line":11,"column":41},"end":{"line":20,"column":3}},"line":11},"1":{"name":"(anonymous_1)","decl":{"start":{"line":23,"column":2},"end":{"line":23,"column":3}},"loc":{"start":{"line":23,"column":36},"end":{"line":37,"column":3}},"line":23},"2":{"name":"(anonymous_2)","decl":{"start":{"line":39,"column":2},"end":{"line":39,"column":3}},"loc":{"start":{"line":39,"column":36},"end":{"line":44,"column":3}},"line":39},"3":{"name":"(anonymous_3)","decl":{"start":{"line":47,"column":2},"end":{"line":47,"column":3}},"loc":{"start":{"line":47,"column":48},"end":{"line":54,"column":3}},"line":47}},"branchMap":{"0":{"loc":{"start":{"line":26,"column":4},"end":{"line":28,"column":5}},"type":"if","locations":[{"start":{"line":26,"column":4},"end":{"line":28,"column":5}},{"start":{},"end":{}}],"line":26},"1":{"loc":{"start":{"line":40,"column":4},"end":{"line":42,"column":5}},"type":"if","locations":[{"start":{"line":40,"column":4},"end":{"line":42,"column":5}},{"start":{},"end":{}}],"line":40},"2":{"loc":{"start":{"line":48,"column":4},"end":{"line":52,"column":5}},"type":"if","locations":[{"start":{"line":48,"column":4},"end":{"line":52,"column":5}},{"start":{},"end":{}}],"line":48},"3":{"loc":{"start":{"line":48,"column":8},"end":{"line":48,"column":71}},"type":"binary-expr","locations":[{"start":{"line":48,"column":8},"end":{"line":48,"column":37}},{"start":{"line":48,"column":41},"end":{"line":48,"column":71}}],"line":48}},"s":{"0":1,"1":1,"2":1,"3":5,"4":5,"5":1,"6":4,"7":4,"8":4,"9":4,"10":0,"11":4,"12":0,"13":4,"14":0,"15":0,"16":0,"17":1},"f":{"0":1,"1":5,"2":4,"3":0},"b":{"0":[1,4],"1":[0,4],"2":[0,0],"3":[0,0]},"_coverageSchema":"1a1c01bbd47fc00a2c39e90264f33305004495a9","hash":"90b09d8a5cc4f232eecbc5d72226c13fc064b0fa"}
,"C:\\Users\\nmb_m\\OneDrive\\Desktop\\wms-bpi-for-test-2024-12-06\\app\\models\\apiPath.model.js": {"path":"C:\\Users\\nmb_m\\OneDrive\\Desktop\\wms-bpi-for-test-2024-12-06\\app\\models\\apiPath.model.js","statementMap":{"0":{"start":{"line":1,"column":0},"end":{"line":25,"column":2}},"1":{"start":{"line":2,"column":18},"end":{"line":23,"column":3}},"2":{"start":{"line":24,"column":2},"end":{"line":24,"column":17}}},"fnMap":{"0":{"name":"(anonymous_0)","decl":{"start":{"line":1,"column":17},"end":{"line":1,"column":18}},"loc":{"start":{"line":1,"column":43},"end":{"line":25,"column":1}},"line":1}},"branchMap":{},"s":{"0":1,"1":1,"2":1},"f":{"0":1},"b":{},"_coverageSchema":"1a1c01bbd47fc00a2c39e90264f33305004495a9","hash":"4a0681443114299a26b9f43c30355c300d549db4"}
,"C:\\Users\\nmb_m\\OneDrive\\Desktop\\wms-bpi-for-test-2024-12-06\\app\\models\\as400TransactionLog.model.js": {"path":"C:\\Users\\nmb_m\\OneDrive\\Desktop\\wms-bpi-for-test-2024-12-06\\app\\models\\as400TransactionLog.model.js","statementMap":{"0":{"start":{"line":1,"column":0},"end":{"line":32,"column":2}},"1":{"start":{"line":2,"column":30},"end":{"line":30,"column":3}},"2":{"start":{"line":31,"column":2},"end":{"line":31,"column":29}}},"fnMap":{"0":{"name":"(anonymous_0)","decl":{"start":{"line":1,"column":17},"end":{"line":1,"column":18}},"loc":{"start":{"line":1,"column":43},"end":{"line":32,"column":1}},"line":1}},"branchMap":{},"s":{"0":1,"1":1,"2":1},"f":{"0":1},"b":{},"_coverageSchema":"1a1c01bbd47fc00a2c39e90264f33305004495a9","hash":"7e67ba591af582937ed035e72b66dbe6ae268b4f"}
,"C:\\Users\\nmb_m\\OneDrive\\Desktop\\wms-bpi-for-test-2024-12-06\\app\\models\\authentication.js": {"path":"C:\\Users\\nmb_m\\OneDrive\\Desktop\\wms-bpi-for-test-2024-12-06\\app\\models\\authentication.js","statementMap":{"0":{"start":{"line":1,"column":0},"end":{"line":37,"column":2}},"1":{"start":{"line":2,"column":25},"end":{"line":35,"column":3}},"2":{"start":{"line":36,"column":2},"end":{"line":36,"column":24}}},"fnMap":{"0":{"name":"(anonymous_0)","decl":{"start":{"line":1,"column":17},"end":{"line":1,"column":18}},"loc":{"start":{"line":1,"column":43},"end":{"line":37,"column":1}},"line":1}},"branchMap":{},"s":{"0":1,"1":1,"2":1},"f":{"0":1},"b":{},"_coverageSchema":"1a1c01bbd47fc00a2c39e90264f33305004495a9","hash":"cee6e3e945ff70e5c6c8ffa14c5a38b598d3dc5c"}
,"C:\\Users\\nmb_m\\OneDrive\\Desktop\\wms-bpi-for-test-2024-12-06\\app\\models\\division.model.js": {"path":"C:\\Users\\nmb_m\\OneDrive\\Desktop\\wms-bpi-for-test-2024-12-06\\app\\models\\division.model.js","statementMap":{"0":{"start":{"line":1,"column":0},"end":{"line":32,"column":2}},"1":{"start":{"line":2,"column":19},"end":{"line":30,"column":3}},"2":{"start":{"line":31,"column":2},"end":{"line":31,"column":18}}},"fnMap":{"0":{"name":"(anonymous_0)","decl":{"start":{"line":1,"column":17},"end":{"line":1,"column":18}},"loc":{"start":{"line":1,"column":43},"end":{"line":32,"column":1}},"line":1}},"branchMap":{},"s":{"0":1,"1":1,"2":1},"f":{"0":1},"b":{},"_coverageSchema":"1a1c01bbd47fc00a2c39e90264f33305004495a9","hash":"06ceb7609a65a54818842507ac7a8c9cfb5b0ba9"}
,"C:\\Users\\nmb_m\\OneDrive\\Desktop\\wms-bpi-for-test-2024-12-06\\app\\models\\index.js": {"path":"C:\\Users\\nmb_m\\OneDrive\\Desktop\\wms-bpi-for-test-2024-12-06\\app\\models\\index.js","statementMap":{"0":{"start":{"line":1,"column":17},"end":{"line":1,"column":50}},"1":{"start":{"line":2,"column":16},"end":{"line":2,"column":34}},"2":{"start":{"line":3,"column":15},"end":{"line":3,"column":32}},"3":{"start":{"line":5,"column":16},"end":{"line":5,"column":53}},"4":{"start":{"line":6,"column":0},"end":{"line":6,"column":32}},"5":{"start":{"line":9,"column":18},"end":{"line":9,"column":38}},"6":{"start":{"line":10,"column":18},"end":{"line":19,"column":1}},"7":{"start":{"line":22,"column":11},"end":{"line":22,"column":13}},"8":{"start":{"line":23,"column":0},"end":{"line":23,"column":25}},"9":{"start":{"line":24,"column":0},"end":{"line":24,"column":25}},"10":{"start":{"line":27,"column":0},"end":{"line":27,"column":65}},"11":{"start":{"line":28,"column":0},"end":{"line":31,"column":2}},"12":{"start":{"line":32,"column":0},"end":{"line":32,"column":72}},"13":{"start":{"line":33,"column":0},"end":{"line":33,"column":67}},"14":{"start":{"line":34,"column":0},"end":{"line":34,"column":77}},"15":{"start":{"line":35,"column":0},"end":{"line":35,"column":57}},"16":{"start":{"line":36,"column":0},"end":{"line":36,"column":63}},"17":{"start":{"line":37,"column":0},"end":{"line":37,"column":69}},"18":{"start":{"line":38,"column":0},"end":{"line":38,"column":61}},"19":{"start":{"line":39,"column":0},"end":{"line":39,"column":69}},"20":{"start":{"line":40,"column":0},"end":{"line":40,"column":65}},"21":{"start":{"line":41,"column":0},"end":{"line":41,"column":71}},"22":{"start":{"line":42,"column":0},"end":{"line":42,"column":59}},"23":{"start":{"line":43,"column":0},"end":{"line":43,"column":69}},"24":{"start":{"line":46,"column":0},"end":{"line":46,"column":74}},"25":{"start":{"line":47,"column":0},"end":{"line":47,"column":76}},"26":{"start":{"line":48,"column":0},"end":{"line":52,"column":2}},"27":{"start":{"line":53,"column":0},"end":{"line":53,"column":76}},"28":{"start":{"line":54,"column":0},"end":{"line":54,"column":77}},"29":{"start":{"line":55,"column":0},"end":{"line":59,"column":2}},"30":{"start":{"line":60,"column":0},"end":{"line":60,"column":78}},"31":{"start":{"line":61,"column":0},"end":{"line":61,"column":70}},"32":{"start":{"line":62,"column":0},"end":{"line":66,"column":2}},"33":{"start":{"line":67,"column":0},"end":{"line":67,"column":75}},"34":{"start":{"line":68,"column":0},"end":{"line":68,"column":75}},"35":{"start":{"line":69,"column":0},"end":{"line":69,"column":65}},"36":{"start":{"line":70,"column":0},"end":{"line":70,"column":78}},"37":{"start":{"line":72,"column":0},"end":{"line":72,"column":20}}},"fnMap":{},"branchMap":{},"s":{"0":1,"1":1,"2":1,"3":1,"4":1,"5":1,"6":1,"7":1,"8":1,"9":1,"10":1,"11":1,"12":1,"13":1,"14":1,"15":1,"16":1,"17":1,"18":1,"19":1,"20":1,"21":1,"22":1,"23":1,"24":1,"25":1,"26":1,"27":1,"28":1,"29":1,"30":1,"31":1,"32":1,"33":1,"34":1,"35":1,"36":1,"37":1},"f":{},"b":{},"_coverageSchema":"1a1c01bbd47fc00a2c39e90264f33305004495a9","hash":"c37721072f66220063d8edc8faa0792f04d6670a"}
,"C:\\Users\\nmb_m\\OneDrive\\Desktop\\wms-bpi-for-test-2024-12-06\\app\\models\\inventoryArea.model.js": {"path":"C:\\Users\\nmb_m\\OneDrive\\Desktop\\wms-bpi-for-test-2024-12-06\\app\\models\\inventoryArea.model.js","statementMap":{"0":{"start":{"line":1,"column":0},"end":{"line":34,"column":2}},"1":{"start":{"line":2,"column":24},"end":{"line":32,"column":3}},"2":{"start":{"line":33,"column":2},"end":{"line":33,"column":23}}},"fnMap":{"0":{"name":"(anonymous_0)","decl":{"start":{"line":1,"column":17},"end":{"line":1,"column":18}},"loc":{"start":{"line":1,"column":43},"end":{"line":34,"column":1}},"line":1}},"branchMap":{},"s":{"0":1,"1":1,"2":1},"f":{"0":1},"b":{},"_coverageSchema":"1a1c01bbd47fc00a2c39e90264f33305004495a9","hash":"f597ced2532bdb8106dd8887eb85881333636c7f"}
,"C:\\Users\\nmb_m\\OneDrive\\Desktop\\wms-bpi-for-test-2024-12-06\\app\\models\\job.model.js": {"path":"C:\\Users\\nmb_m\\OneDrive\\Desktop\\wms-bpi-for-test-2024-12-06\\app\\models\\job.model.js","statementMap":{"0":{"start":{"line":1,"column":0},"end":{"line":30,"column":2}},"1":{"start":{"line":2,"column":14},"end":{"line":28,"column":3}},"2":{"start":{"line":29,"column":2},"end":{"line":29,"column":13}}},"fnMap":{"0":{"name":"(anonymous_0)","decl":{"start":{"line":1,"column":17},"end":{"line":1,"column":18}},"loc":{"start":{"line":1,"column":43},"end":{"line":30,"column":1}},"line":1}},"branchMap":{},"s":{"0":1,"1":1,"2":1},"f":{"0":1},"b":{},"_coverageSchema":"1a1c01bbd47fc00a2c39e90264f33305004495a9","hash":"88894df008389bb9b4550fd606ccd38960e841db"}
,"C:\\Users\\nmb_m\\OneDrive\\Desktop\\wms-bpi-for-test-2024-12-06\\app\\models\\jobLog.model.js": {"path":"C:\\Users\\nmb_m\\OneDrive\\Desktop\\wms-bpi-for-test-2024-12-06\\app\\models\\jobLog.model.js","statementMap":{"0":{"start":{"line":1,"column":0},"end":{"line":45,"column":2}},"1":{"start":{"line":2,"column":17},"end":{"line":43,"column":3}},"2":{"start":{"line":44,"column":2},"end":{"line":44,"column":16}}},"fnMap":{"0":{"name":"(anonymous_0)","decl":{"start":{"line":1,"column":17},"end":{"line":1,"column":18}},"loc":{"start":{"line":1,"column":43},"end":{"line":45,"column":1}},"line":1}},"branchMap":{},"s":{"0":1,"1":1,"2":1},"f":{"0":1},"b":{},"_coverageSchema":"1a1c01bbd47fc00a2c39e90264f33305004495a9","hash":"02fd0226cfc5dc541e4a33a7a553240710714520"}
,"C:\\Users\\nmb_m\\OneDrive\\Desktop\\wms-bpi-for-test-2024-12-06\\app\\models\\jobStatus.model.js": {"path":"C:\\Users\\nmb_m\\OneDrive\\Desktop\\wms-bpi-for-test-2024-12-06\\app\\models\\jobStatus.model.js","statementMap":{"0":{"start":{"line":1,"column":0},"end":{"line":30,"column":2}},"1":{"start":{"line":2,"column":20},"end":{"line":28,"column":3}},"2":{"start":{"line":29,"column":2},"end":{"line":29,"column":19}}},"fnMap":{"0":{"name":"(anonymous_0)","decl":{"start":{"line":1,"column":17},"end":{"line":1,"column":18}},"loc":{"start":{"line":1,"column":43},"end":{"line":30,"column":1}},"line":1}},"branchMap":{},"s":{"0":1,"1":1,"2":1},"f":{"0":1},"b":{},"_coverageSchema":"1a1c01bbd47fc00a2c39e90264f33305004495a9","hash":"a033425b87276c5a0bc35ac3d4ea357a4e7d0bcf"}
,"C:\\Users\\nmb_m\\OneDrive\\Desktop\\wms-bpi-for-test-2024-12-06\\app\\models\\level.model.js": {"path":"C:\\Users\\nmb_m\\OneDrive\\Desktop\\wms-bpi-for-test-2024-12-06\\app\\models\\level.model.js","statementMap":{"0":{"start":{"line":1,"column":0},"end":{"line":22,"column":2}},"1":{"start":{"line":2,"column":16},"end":{"line":20,"column":3}},"2":{"start":{"line":21,"column":2},"end":{"line":21,"column":15}}},"fnMap":{"0":{"name":"(anonymous_0)","decl":{"start":{"line":1,"column":17},"end":{"line":1,"column":18}},"loc":{"start":{"line":1,"column":43},"end":{"line":22,"column":1}},"line":1}},"branchMap":{},"s":{"0":1,"1":1,"2":1},"f":{"0":1},"b":{},"_coverageSchema":"1a1c01bbd47fc00a2c39e90264f33305004495a9","hash":"9cbd5dc4fbf4b28ac5808808fbdba5ad5f6097e6"}
,"C:\\Users\\nmb_m\\OneDrive\\Desktop\\wms-bpi-for-test-2024-12-06\\app\\models\\mrRequest.model.js": {"path":"C:\\Users\\nmb_m\\OneDrive\\Desktop\\wms-bpi-for-test-2024-12-06\\app\\models\\mrRequest.model.js","statementMap":{"0":{"start":{"line":1,"column":0},"end":{"line":54,"column":2}},"1":{"start":{"line":2,"column":20},"end":{"line":52,"column":3}},"2":{"start":{"line":53,"column":2},"end":{"line":53,"column":19}}},"fnMap":{"0":{"name":"(anonymous_0)","decl":{"start":{"line":1,"column":17},"end":{"line":1,"column":18}},"loc":{"start":{"line":1,"column":43},"end":{"line":54,"column":1}},"line":1}},"branchMap":{},"s":{"0":1,"1":1,"2":1},"f":{"0":1},"b":{},"_coverageSchema":"1a1c01bbd47fc00a2c39e90264f33305004495a9","hash":"eef5decd56d09b8d8a7a011a084363f6ee37ca25"}
,"C:\\Users\\nmb_m\\OneDrive\\Desktop\\wms-bpi-for-test-2024-12-06\\app\\models\\product.model.js": {"path":"C:\\Users\\nmb_m\\OneDrive\\Desktop\\wms-bpi-for-test-2024-12-06\\app\\models\\product.model.js","statementMap":{"0":{"start":{"line":1,"column":0},"end":{"line":70,"column":2}},"1":{"start":{"line":2,"column":18},"end":{"line":68,"column":3}},"2":{"start":{"line":69,"column":2},"end":{"line":69,"column":17}}},"fnMap":{"0":{"name":"(anonymous_0)","decl":{"start":{"line":1,"column":17},"end":{"line":1,"column":18}},"loc":{"start":{"line":1,"column":43},"end":{"line":70,"column":1}},"line":1}},"branchMap":{},"s":{"0":1,"1":1,"2":1},"f":{"0":1},"b":{},"_coverageSchema":"1a1c01bbd47fc00a2c39e90264f33305004495a9","hash":"11039f0ee3ebb59730d7b7e01e55a4429addd1f1"}
,"C:\\Users\\nmb_m\\OneDrive\\Desktop\\wms-bpi-for-test-2024-12-06\\app\\models\\productLog.model.js": {"path":"C:\\Users\\nmb_m\\OneDrive\\Desktop\\wms-bpi-for-test-2024-12-06\\app\\models\\productLog.model.js","statementMap":{"0":{"start":{"line":1,"column":0},"end":{"line":82,"column":2}},"1":{"start":{"line":2,"column":21},"end":{"line":80,"column":3}},"2":{"start":{"line":81,"column":2},"end":{"line":81,"column":20}}},"fnMap":{"0":{"name":"(anonymous_0)","decl":{"start":{"line":1,"column":17},"end":{"line":1,"column":18}},"loc":{"start":{"line":1,"column":43},"end":{"line":82,"column":1}},"line":1}},"branchMap":{},"s":{"0":1,"1":1,"2":1},"f":{"0":1},"b":{},"_coverageSchema":"1a1c01bbd47fc00a2c39e90264f33305004495a9","hash":"56f793281fef38dd10141f888b11f3c2639ec23c"}
,"C:\\Users\\nmb_m\\OneDrive\\Desktop\\wms-bpi-for-test-2024-12-06\\app\\models\\role.model.js": {"path":"C:\\Users\\nmb_m\\OneDrive\\Desktop\\wms-bpi-for-test-2024-12-06\\app\\models\\role.model.js","statementMap":{"0":{"start":{"line":1,"column":0},"end":{"line":22,"column":2}},"1":{"start":{"line":2,"column":15},"end":{"line":20,"column":3}},"2":{"start":{"line":21,"column":2},"end":{"line":21,"column":14}}},"fnMap":{"0":{"name":"(anonymous_0)","decl":{"start":{"line":1,"column":17},"end":{"line":1,"column":18}},"loc":{"start":{"line":1,"column":43},"end":{"line":22,"column":1}},"line":1}},"branchMap":{},"s":{"0":1,"1":1,"2":1},"f":{"0":1},"b":{},"_coverageSchema":"1a1c01bbd47fc00a2c39e90264f33305004495a9","hash":"d707f754647b885c503356597e46254d631c4f40"}
,"C:\\Users\\nmb_m\\OneDrive\\Desktop\\wms-bpi-for-test-2024-12-06\\app\\models\\unitPrice.model.js": {"path":"C:\\Users\\nmb_m\\OneDrive\\Desktop\\wms-bpi-for-test-2024-12-06\\app\\models\\unitPrice.model.js","statementMap":{"0":{"start":{"line":1,"column":0},"end":{"line":25,"column":2}},"1":{"start":{"line":2,"column":20},"end":{"line":23,"column":3}},"2":{"start":{"line":24,"column":2},"end":{"line":24,"column":19}}},"fnMap":{"0":{"name":"(anonymous_0)","decl":{"start":{"line":1,"column":17},"end":{"line":1,"column":18}},"loc":{"start":{"line":1,"column":43},"end":{"line":25,"column":1}},"line":1}},"branchMap":{},"s":{"0":1,"1":1,"2":1},"f":{"0":1},"b":{},"_coverageSchema":"1a1c01bbd47fc00a2c39e90264f33305004495a9","hash":"b63616dd9deed6243adaab82b2a9c7bc8baed62f"}
,"C:\\Users\\nmb_m\\OneDrive\\Desktop\\wms-bpi-for-test-2024-12-06\\app\\repositories\\authentication.repository.js": {"path":"C:\\Users\\nmb_m\\OneDrive\\Desktop\\wms-bpi-for-test-2024-12-06\\app\\repositories\\authentication.repository.js","statementMap":{"0":{"start":{"line":1,"column":11},"end":{"line":1,"column":31}},"1":{"start":{"line":2,"column":23},"end":{"line":2,"column":39}},"2":{"start":{"line":3,"column":13},"end":{"line":3,"column":20}},"3":{"start":{"line":4,"column":17},"end":{"line":4,"column":28}},"4":{"start":{"line":5,"column":14},"end":{"line":5,"column":22}},"5":{"start":{"line":7,"column":23},"end":{"line":7,"column":51}},"6":{"start":{"line":11,"column":4},"end":{"line":11,"column":26}},"7":{"start":{"line":16,"column":4},"end":{"line":20,"column":7}},"8":{"start":{"line":25,"column":4},"end":{"line":29,"column":7}},"9":{"start":{"line":34,"column":4},"end":{"line":38,"column":7}},"10":{"start":{"line":42,"column":4},"end":{"line":50,"column":7}},"11":{"start":{"line":55,"column":4},"end":{"line":63,"column":7}},"12":{"start":{"line":68,"column":4},"end":{"line":72,"column":7}},"13":{"start":{"line":76,"column":4},"end":{"line":91,"column":7}},"14":{"start":{"line":95,"column":0},"end":{"line":95,"column":48}}},"fnMap":{"0":{"name":"(anonymous_0)","decl":{"start":{"line":10,"column":2},"end":{"line":10,"column":3}},"loc":{"start":{"line":10,"column":16},"end":{"line":12,"column":3}},"line":10},"1":{"name":"(anonymous_1)","decl":{"start":{"line":15,"column":2},"end":{"line":15,"column":3}},"loc":{"start":{"line":15,"column":29},"end":{"line":21,"column":3}},"line":15},"2":{"name":"(anonymous_2)","decl":{"start":{"line":24,"column":2},"end":{"line":24,"column":3}},"loc":{"start":{"line":24,"column":24},"end":{"line":30,"column":3}},"line":24},"3":{"name":"(anonymous_3)","decl":{"start":{"line":33,"column":2},"end":{"line":33,"column":3}},"loc":{"start":{"line":33,"column":35},"end":{"line":39,"column":3}},"line":33},"4":{"name":"(anonymous_4)","decl":{"start":{"line":41,"column":2},"end":{"line":41,"column":3}},"loc":{"start":{"line":41,"column":31},"end":{"line":51,"column":3}},"line":41},"5":{"name":"(anonymous_5)","decl":{"start":{"line":54,"column":2},"end":{"line":54,"column":3}},"loc":{"start":{"line":54,"column":32},"end":{"line":64,"column":3}},"line":54},"6":{"name":"(anonymous_6)","decl":{"start":{"line":67,"column":2},"end":{"line":67,"column":3}},"loc":{"start":{"line":67,"column":19},"end":{"line":73,"column":3}},"line":67},"7":{"name":"(anonymous_7)","decl":{"start":{"line":75,"column":2},"end":{"line":75,"column":3}},"loc":{"start":{"line":75,"column":17},"end":{"line":92,"column":3}},"line":75}},"branchMap":{},"s":{"0":1,"1":1,"2":1,"3":1,"4":1,"5":1,"6":1,"7":9,"8":5,"9":2,"10":1,"11":1,"12":0,"13":0,"14":1},"f":{"0":1,"1":9,"2":5,"3":2,"4":1,"5":1,"6":0,"7":0},"b":{},"_coverageSchema":"1a1c01bbd47fc00a2c39e90264f33305004495a9","hash":"0b766829dfb9b009a07684a35f8825b4846d8d40"}
,"C:\\Users\\nmb_m\\OneDrive\\Desktop\\wms-bpi-for-test-2024-12-06\\app\\repositories\\base.repository.js": {"path":"C:\\Users\\nmb_m\\OneDrive\\Desktop\\wms-bpi-for-test-2024-12-06\\app\\repositories\\base.repository.js","statementMap":{"0":{"start":{"line":3,"column":4},"end":{"line":3,"column":23}},"1":{"start":{"line":7,"column":20},"end":{"line":7,"column":40}},"2":{"start":{"line":8,"column":4},"end":{"line":8,"column":32}},"3":{"start":{"line":12,"column":4},"end":{"line":12,"column":38}},"4":{"start":{"line":16,"column":4},"end":{"line":16,"column":41}},"5":{"start":{"line":20,"column":19},"end":{"line":20,"column":48}},"6":{"start":{"line":21,"column":4},"end":{"line":21,"column":40}},"7":{"start":{"line":24,"column":4},"end":{"line":28,"column":7}},"8":{"start":{"line":32,"column":0},"end":{"line":32,"column":32}}},"fnMap":{"0":{"name":"(anonymous_0)","decl":{"start":{"line":2,"column":2},"end":{"line":2,"column":3}},"loc":{"start":{"line":2,"column":21},"end":{"line":4,"column":3}},"line":2},"1":{"name":"(anonymous_1)","decl":{"start":{"line":6,"column":2},"end":{"line":6,"column":3}},"loc":{"start":{"line":6,"column":18},"end":{"line":9,"column":3}},"line":6},"2":{"name":"(anonymous_2)","decl":{"start":{"line":11,"column":2},"end":{"line":11,"column":3}},"loc":{"start":{"line":11,"column":17},"end":{"line":13,"column":3}},"line":11},"3":{"name":"(anonymous_3)","decl":{"start":{"line":15,"column":2},"end":{"line":15,"column":3}},"loc":{"start":{"line":15,"column":20},"end":{"line":17,"column":3}},"line":15},"4":{"name":"(anonymous_4)","decl":{"start":{"line":19,"column":2},"end":{"line":19,"column":3}},"loc":{"start":{"line":19,"column":28},"end":{"line":22,"column":3}},"line":19},"5":{"name":"(anonymous_5)","decl":{"start":{"line":23,"column":2},"end":{"line":23,"column":3}},"loc":{"start":{"line":23,"column":19},"end":{"line":29,"column":3}},"line":23}},"branchMap":{},"s":{"0":2,"1":4,"2":4,"3":0,"4":0,"5":3,"6":3,"7":0,"8":1},"f":{"0":2,"1":4,"2":0,"3":0,"4":3,"5":0},"b":{},"_coverageSchema":"1a1c01bbd47fc00a2c39e90264f33305004495a9","hash":"e83c66f8ab9bfa04a3260df030771e618fb4af51"}
,"C:\\Users\\nmb_m\\OneDrive\\Desktop\\wms-bpi-for-test-2024-12-06\\app\\repositories\\division.repository.js": {"path":"C:\\Users\\nmb_m\\OneDrive\\Desktop\\wms-bpi-for-test-2024-12-06\\app\\repositories\\division.repository.js","statementMap":{"0":{"start":{"line":1,"column":11},"end":{"line":1,"column":31}},"1":{"start":{"line":2,"column":17},"end":{"line":2,"column":28}},"2":{"start":{"line":4,"column":23},"end":{"line":4,"column":51}},"3":{"start":{"line":8,"column":4},"end":{"line":8,"column":20}},"4":{"start":{"line":13,"column":4},"end":{"line":13,"column":36}},"5":{"start":{"line":17,"column":0},"end":{"line":17,"column":42}}},"fnMap":{"0":{"name":"(anonymous_0)","decl":{"start":{"line":7,"column":2},"end":{"line":7,"column":3}},"loc":{"start":{"line":7,"column":16},"end":{"line":9,"column":3}},"line":7},"1":{"name":"(anonymous_1)","decl":{"start":{"line":12,"column":2},"end":{"line":12,"column":3}},"loc":{"start":{"line":12,"column":25},"end":{"line":14,"column":3}},"line":12}},"branchMap":{},"s":{"0":1,"1":1,"2":1,"3":1,"4":0,"5":1},"f":{"0":1,"1":0},"b":{},"_coverageSchema":"1a1c01bbd47fc00a2c39e90264f33305004495a9","hash":"3b831656938fca63b74751d9adf5ccc513e676d2"}
,"C:\\Users\\nmb_m\\OneDrive\\Desktop\\wms-bpi-for-test-2024-12-06\\app\\routes\\authentication.routes.js": {"path":"C:\\Users\\nmb_m\\OneDrive\\Desktop\\wms-bpi-for-test-2024-12-06\\app\\routes\\authentication.routes.js","statementMap":{"0":{"start":{"line":1,"column":34},"end":{"line":1,"column":85}},"1":{"start":{"line":2,"column":12},"end":{"line":2,"column":41}},"2":{"start":{"line":4,"column":0},"end":{"line":35,"column":2}},"3":{"start":{"line":5,"column":2},"end":{"line":5,"column":70}},"4":{"start":{"line":6,"column":2},"end":{"line":6,"column":68}},"5":{"start":{"line":7,"column":2},"end":{"line":12,"column":4}},"6":{"start":{"line":13,"column":2},"end":{"line":18,"column":4}},"7":{"start":{"line":19,"column":2},"end":{"line":22,"column":4}},"8":{"start":{"line":23,"column":2},"end":{"line":28,"column":4}},"9":{"start":{"line":29,"column":2},"end":{"line":34,"column":4}}},"fnMap":{"0":{"name":"(anonymous_0)","decl":{"start":{"line":4,"column":17},"end":{"line":4,"column":18}},"loc":{"start":{"line":4,"column":32},"end":{"line":35,"column":1}},"line":4}},"branchMap":{},"s":{"0":1,"1":1,"2":1,"3":1,"4":1,"5":1,"6":1,"7":1,"8":1,"9":1},"f":{"0":1},"b":{},"_coverageSchema":"1a1c01bbd47fc00a2c39e90264f33305004495a9","hash":"f0741e644faf8b120822e2b93d8c7ba852091cb7"}
,"C:\\Users\\nmb_m\\OneDrive\\Desktop\\wms-bpi-for-test-2024-12-06\\app\\routes\\division.routes.js": {"path":"C:\\Users\\nmb_m\\OneDrive\\Desktop\\wms-bpi-for-test-2024-12-06\\app\\routes\\division.routes.js","statementMap":{"0":{"start":{"line":1,"column":27},"end":{"line":1,"column":72}},"1":{"start":{"line":3,"column":0},"end":{"line":8,"column":2}},"2":{"start":{"line":4,"column":2},"end":{"line":7,"column":4}}},"fnMap":{"0":{"name":"(anonymous_0)","decl":{"start":{"line":3,"column":17},"end":{"line":3,"column":18}},"loc":{"start":{"line":3,"column":32},"end":{"line":8,"column":1}},"line":3}},"branchMap":{},"s":{"0":1,"1":1,"2":1},"f":{"0":1},"b":{},"_coverageSchema":"1a1c01bbd47fc00a2c39e90264f33305004495a9","hash":"727b8cf299e83eda049513747bf945b48cc8ba1d"}
,"C:\\Users\\nmb_m\\OneDrive\\Desktop\\wms-bpi-for-test-2024-12-06\\app\\schemas\\authenication.schema.js": {"path":"C:\\Users\\nmb_m\\OneDrive\\Desktop\\wms-bpi-for-test-2024-12-06\\app\\schemas\\authenication.schema.js","statementMap":{"0":{"start":{"line":1,"column":12},"end":{"line":1,"column":26}},"1":{"start":{"line":3,"column":29},"end":{"line":56,"column":1}},"2":{"start":{"line":58,"column":0},"end":{"line":58,"column":38}}},"fnMap":{},"branchMap":{},"s":{"0":1,"1":1,"2":1},"f":{},"b":{},"_coverageSchema":"1a1c01bbd47fc00a2c39e90264f33305004495a9","hash":"2a46122ccdac4ed0ccace870998a08e3dcb19a9c"}
,"C:\\Users\\nmb_m\\OneDrive\\Desktop\\wms-bpi-for-test-2024-12-06\\app\\services\\authentication.service.js": {"path":"C:\\Users\\nmb_m\\OneDrive\\Desktop\\wms-bpi-for-test-2024-12-06\\app\\services\\authentication.service.js","statementMap":{"0":{"start":{"line":1,"column":33},"end":{"line":1,"column":85}},"1":{"start":{"line":2,"column":12},"end":{"line":2,"column":41}},"2":{"start":{"line":3,"column":15},"end":{"line":3,"column":32}},"3":{"start":{"line":8,"column":4},"end":{"line":16,"column":5}},"4":{"start":{"line":9,"column":6},"end":{"line":9,"column":47}},"5":{"start":{"line":10,"column":6},"end":{"line":10,"column":47}},"6":{"start":{"line":12,"column":6},"end":{"line":14,"column":7}},"7":{"start":{"line":13,"column":8},"end":{"line":13,"column":76}},"8":{"start":{"line":15,"column":6},"end":{"line":15,"column":38}},"9":{"start":{"line":20,"column":23},"end":{"line":22,"column":5}},"10":{"start":{"line":23,"column":4},"end":{"line":25,"column":5}},"11":{"start":{"line":24,"column":6},"end":{"line":24,"column":66}},"12":{"start":{"line":30,"column":22},"end":{"line":30,"column":68}},"13":{"start":{"line":31,"column":4},"end":{"line":33,"column":5}},"14":{"start":{"line":32,"column":6},"end":{"line":32,"column":64}},"15":{"start":{"line":38,"column":20},"end":{"line":38,"column":45}},"16":{"start":{"line":39,"column":4},"end":{"line":50,"column":5}},"17":{"start":{"line":40,"column":6},"end":{"line":40,"column":67}},"18":{"start":{"line":41,"column":6},"end":{"line":41,"column":35}},"19":{"start":{"line":43,"column":6},"end":{"line":45,"column":7}},"20":{"start":{"line":44,"column":8},"end":{"line":44,"column":53}},"21":{"start":{"line":46,"column":6},"end":{"line":48,"column":7}},"22":{"start":{"line":47,"column":8},"end":{"line":47,"column":53}},"23":{"start":{"line":49,"column":6},"end":{"line":49,"column":42}},"24":{"start":{"line":55,"column":20},"end":{"line":55,"column":49}},"25":{"start":{"line":56,"column":4},"end":{"line":61,"column":5}},"26":{"start":{"line":57,"column":6},"end":{"line":57,"column":67}},"27":{"start":{"line":58,"column":6},"end":{"line":58,"column":38}},"28":{"start":{"line":60,"column":6},"end":{"line":60,"column":45}},"29":{"start":{"line":67,"column":21},"end":{"line":67,"column":72}},"30":{"start":{"line":68,"column":4},"end":{"line":70,"column":5}},"31":{"start":{"line":69,"column":6},"end":{"line":69,"column":50}},"32":{"start":{"line":76,"column":26},"end":{"line":78,"column":5}},"33":{"start":{"line":80,"column":28},"end":{"line":83,"column":5}},"34":{"start":{"line":84,"column":4},"end":{"line":86,"column":5}},"35":{"start":{"line":85,"column":6},"end":{"line":85,"column":60}},"36":{"start":{"line":91,"column":4},"end":{"line":97,"column":5}},"37":{"start":{"line":92,"column":19},"end":{"line":92,"column":77}},"38":{"start":{"line":93,"column":20},"end":{"line":93,"column":79}},"39":{"start":{"line":94,"column":6},"end":{"line":94,"column":72}},"40":{"start":{"line":96,"column":6},"end":{"line":96,"column":36}},"41":{"start":{"line":102,"column":20},"end":{"line":102,"column":51}},"42":{"start":{"line":103,"column":4},"end":{"line":109,"column":5}},"43":{"start":{"line":104,"column":22},"end":{"line":104,"column":78}},"44":{"start":{"line":105,"column":6},"end":{"line":105,"column":70}},"45":{"start":{"line":106,"column":6},"end":{"line":106,"column":42}},"46":{"start":{"line":108,"column":6},"end":{"line":108,"column":46}},"47":{"start":{"line":114,"column":4},"end":{"line":119,"column":5}},"48":{"start":{"line":115,"column":6},"end":{"line":115,"column":53}},"49":{"start":{"line":116,"column":6},"end":{"line":116,"column":41}},"50":{"start":{"line":118,"column":6},"end":{"line":118,"column":45}},"51":{"start":{"line":124,"column":4},"end":{"line":128,"column":5}},"52":{"start":{"line":125,"column":6},"end":{"line":125,"column":53}},"53":{"start":{"line":127,"column":6},"end":{"line":127,"column":46}},"54":{"start":{"line":132,"column":0},"end":{"line":132,"column":45}}},"fnMap":{"0":{"name":"(anonymous_0)","decl":{"start":{"line":7,"column":2},"end":{"line":7,"column":3}},"loc":{"start":{"line":7,"column":21},"end":{"line":17,"column":3}},"line":7},"1":{"name":"(anonymous_1)","decl":{"start":{"line":19,"column":2},"end":{"line":19,"column":3}},"loc":{"start":{"line":19,"column":36},"end":{"line":26,"column":3}},"line":19},"2":{"name":"(anonymous_2)","decl":{"start":{"line":29,"column":2},"end":{"line":29,"column":3}},"loc":{"start":{"line":29,"column":35},"end":{"line":34,"column":3}},"line":29},"3":{"name":"(anonymous_3)","decl":{"start":{"line":37,"column":2},"end":{"line":37,"column":3}},"loc":{"start":{"line":37,"column":25},"end":{"line":51,"column":3}},"line":37},"4":{"name":"(anonymous_4)","decl":{"start":{"line":54,"column":2},"end":{"line":54,"column":3}},"loc":{"start":{"line":54,"column":27},"end":{"line":62,"column":3}},"line":54},"5":{"name":"(anonymous_5)","decl":{"start":{"line":65,"column":2},"end":{"line":65,"column":3}},"loc":{"start":{"line":65,"column":31},"end":{"line":71,"column":3}},"line":65},"6":{"name":"(anonymous_6)","decl":{"start":{"line":74,"column":2},"end":{"line":74,"column":3}},"loc":{"start":{"line":74,"column":45},"end":{"line":87,"column":3}},"line":74},"7":{"name":"(anonymous_7)","decl":{"start":{"line":90,"column":2},"end":{"line":90,"column":3}},"loc":{"start":{"line":90,"column":20},"end":{"line":98,"column":3}},"line":90},"8":{"name":"(anonymous_8)","decl":{"start":{"line":101,"column":2},"end":{"line":101,"column":3}},"loc":{"start":{"line":101,"column":29},"end":{"line":110,"column":3}},"line":101},"9":{"name":"(anonymous_9)","decl":{"start":{"line":113,"column":2},"end":{"line":113,"column":3}},"loc":{"start":{"line":113,"column":31},"end":{"line":120,"column":3}},"line":113},"10":{"name":"(anonymous_10)","decl":{"start":{"line":123,"column":2},"end":{"line":123,"column":3}},"loc":{"start":{"line":123,"column":31},"end":{"line":129,"column":3}},"line":123}},"branchMap":{"0":{"loc":{"start":{"line":12,"column":6},"end":{"line":14,"column":7}},"type":"if","locations":[{"start":{"line":12,"column":6},"end":{"line":14,"column":7}},{"start":{},"end":{}}],"line":12},"1":{"loc":{"start":{"line":23,"column":4},"end":{"line":25,"column":5}},"type":"if","locations":[{"start":{"line":23,"column":4},"end":{"line":25,"column":5}},{"start":{},"end":{}}],"line":23},"2":{"loc":{"start":{"line":31,"column":4},"end":{"line":33,"column":5}},"type":"if","locations":[{"start":{"line":31,"column":4},"end":{"line":33,"column":5}},{"start":{},"end":{}}],"line":31},"3":{"loc":{"start":{"line":43,"column":6},"end":{"line":45,"column":7}},"type":"if","locations":[{"start":{"line":43,"column":6},"end":{"line":45,"column":7}},{"start":{},"end":{}}],"line":43},"4":{"loc":{"start":{"line":46,"column":6},"end":{"line":48,"column":7}},"type":"if","locations":[{"start":{"line":46,"column":6},"end":{"line":48,"column":7}},{"start":{},"end":{}}],"line":46},"5":{"loc":{"start":{"line":68,"column":4},"end":{"line":70,"column":5}},"type":"if","locations":[{"start":{"line":68,"column":4},"end":{"line":70,"column":5}},{"start":{},"end":{}}],"line":68},"6":{"loc":{"start":{"line":84,"column":4},"end":{"line":86,"column":5}},"type":"if","locations":[{"start":{"line":84,"column":4},"end":{"line":86,"column":5}},{"start":{},"end":{}}],"line":84}},"s":{"0":1,"1":1,"2":1,"3":4,"4":4,"5":1,"6":3,"7":3,"8":0,"9":6,"10":6,"11":1,"12":5,"13":5,"14":1,"15":3,"16":3,"17":3,"18":1,"19":2,"20":1,"21":1,"22":1,"23":0,"24":0,"25":0,"26":0,"27":0,"28":0,"29":3,"30":3,"31":1,"32":2,"33":2,"34":2,"35":1,"36":1,"37":1,"38":1,"39":1,"40":0,"41":0,"42":0,"43":0,"44":0,"45":0,"46":0,"47":0,"48":0,"49":0,"50":0,"51":0,"52":0,"53":0,"54":1},"f":{"0":4,"1":6,"2":5,"3":3,"4":0,"5":3,"6":2,"7":1,"8":0,"9":0,"10":0},"b":{"0":[3,0],"1":[1,5],"2":[1,4],"3":[1,1],"4":[1,0],"5":[1,2],"6":[1,1]},"_coverageSchema":"1a1c01bbd47fc00a2c39e90264f33305004495a9","hash":"4d80458c70967a757d315a47fdef470e009b1661"}
,"C:\\Users\\nmb_m\\OneDrive\\Desktop\\wms-bpi-for-test-2024-12-06\\app\\services\\division.service.js": {"path":"C:\\Users\\nmb_m\\OneDrive\\Desktop\\wms-bpi-for-test-2024-12-06\\app\\services\\division.service.js","statementMap":{"0":{"start":{"line":1,"column":27},"end":{"line":1,"column":73}},"1":{"start":{"line":5,"column":4},"end":{"line":5,"column":53}},"2":{"start":{"line":9,"column":0},"end":{"line":9,"column":39}}},"fnMap":{"0":{"name":"(anonymous_0)","decl":{"start":{"line":4,"column":2},"end":{"line":4,"column":3}},"loc":{"start":{"line":4,"column":25},"end":{"line":6,"column":3}},"line":4}},"branchMap":{},"s":{"0":1,"1":0,"2":1},"f":{"0":0},"b":{},"_coverageSchema":"1a1c01bbd47fc00a2c39e90264f33305004495a9","hash":"46e103ae9e02bbca82f5401422427564c87e30da"}
,"C:\\Users\\nmb_m\\OneDrive\\Desktop\\wms-bpi-for-test-2024-12-06\\app\\validators\\authentication.validator.js": {"path":"C:\\Users\\nmb_m\\OneDrive\\Desktop\\wms-bpi-for-test-2024-12-06\\app\\validators\\authentication.validator.js","statementMap":{"0":{"start":{"line":1,"column":29},"end":{"line":1,"column":71}},"1":{"start":{"line":6,"column":22},"end":{"line":6,"column":64}},"2":{"start":{"line":7,"column":4},"end":{"line":10,"column":5}},"3":{"start":{"line":9,"column":6},"end":{"line":9,"column":60}},"4":{"start":{"line":15,"column":22},"end":{"line":15,"column":68}},"5":{"start":{"line":16,"column":4},"end":{"line":19,"column":5}},"6":{"start":{"line":18,"column":6},"end":{"line":18,"column":60}},"7":{"start":{"line":24,"column":22},"end":{"line":24,"column":63}},"8":{"start":{"line":25,"column":4},"end":{"line":28,"column":5}},"9":{"start":{"line":27,"column":6},"end":{"line":27,"column":60}},"10":{"start":{"line":33,"column":22},"end":{"line":33,"column":72}},"11":{"start":{"line":34,"column":4},"end":{"line":37,"column":5}},"12":{"start":{"line":36,"column":6},"end":{"line":36,"column":60}},"13":{"start":{"line":42,"column":22},"end":{"line":42,"column":71}},"14":{"start":{"line":43,"column":4},"end":{"line":46,"column":5}},"15":{"start":{"line":45,"column":6},"end":{"line":45,"column":60}},"16":{"start":{"line":50,"column":0},"end":{"line":50,"column":47}}},"fnMap":{"0":{"name":"(anonymous_0)","decl":{"start":{"line":5,"column":2},"end":{"line":5,"column":3}},"loc":{"start":{"line":5,"column":29},"end":{"line":11,"column":3}},"line":5},"1":{"name":"(anonymous_1)","decl":{"start":{"line":14,"column":2},"end":{"line":14,"column":3}},"loc":{"start":{"line":14,"column":33},"end":{"line":20,"column":3}},"line":14},"2":{"name":"(anonymous_2)","decl":{"start":{"line":23,"column":2},"end":{"line":23,"column":3}},"loc":{"start":{"line":23,"column":28},"end":{"line":29,"column":3}},"line":23},"3":{"name":"(anonymous_3)","decl":{"start":{"line":32,"column":2},"end":{"line":32,"column":3}},"loc":{"start":{"line":32,"column":37},"end":{"line":38,"column":3}},"line":32},"4":{"name":"(anonymous_4)","decl":{"start":{"line":41,"column":2},"end":{"line":41,"column":3}},"loc":{"start":{"line":41,"column":36},"end":{"line":47,"column":3}},"line":41}},"branchMap":{"0":{"loc":{"start":{"line":7,"column":4},"end":{"line":10,"column":5}},"type":"if","locations":[{"start":{"line":7,"column":4},"end":{"line":10,"column":5}},{"start":{},"end":{}}],"line":7},"1":{"loc":{"start":{"line":16,"column":4},"end":{"line":19,"column":5}},"type":"if","locations":[{"start":{"line":16,"column":4},"end":{"line":19,"column":5}},{"start":{},"end":{}}],"line":16},"2":{"loc":{"start":{"line":25,"column":4},"end":{"line":28,"column":5}},"type":"if","locations":[{"start":{"line":25,"column":4},"end":{"line":28,"column":5}},{"start":{},"end":{}}],"line":25},"3":{"loc":{"start":{"line":34,"column":4},"end":{"line":37,"column":5}},"type":"if","locations":[{"start":{"line":34,"column":4},"end":{"line":37,"column":5}},{"start":{},"end":{}}],"line":34},"4":{"loc":{"start":{"line":43,"column":4},"end":{"line":46,"column":5}},"type":"if","locations":[{"start":{"line":43,"column":4},"end":{"line":46,"column":5}},{"start":{},"end":{}}],"line":43}},"s":{"0":1,"1":10,"2":10,"3":4,"4":4,"5":4,"6":1,"7":3,"8":3,"9":0,"10":0,"11":0,"12":0,"13":0,"14":0,"15":0,"16":1},"f":{"0":10,"1":4,"2":3,"3":0,"4":0},"b":{"0":[4,6],"1":[1,3],"2":[0,3],"3":[0,0],"4":[0,0]},"_coverageSchema":"1a1c01bbd47fc00a2c39e90264f33305004495a9","hash":"ab85dd3ae8ee67498a533353b4587096af65d49e"}
}
