TN:
SF:app.js
FN:24,(anonymous_0)
FNF:1
FNH:0
FNDA:0,(anonymous_0)
DA:1,1
DA:2,1
DA:4,1
DA:5,1
DA:7,1
DA:12,1
DA:13,1
DA:15,1
DA:18,1
DA:21,1
DA:24,1
DA:25,0
DA:30,1
DA:31,1
LF:14
LH:13
BRF:0
BRH:0
end_of_record
TN:
SF:app\config\db.config.js
FN:1,(anonymous_0)
FN:10,(anonymous_1)
FNF:2
FNH:1
FNDA:13,(anonymous_0)
FNDA:0,(anonymous_1)
DA:1,1
DA:2,13
DA:5,13
DA:10,1
DA:11,0
DA:14,0
DA:19,1
LF:7
LH:5
BRF:0
BRH:0
end_of_record
TN:
SF:app\controllers\authentication.controller.js
FN:7,(anonymous_0)
FN:27,(anonymous_1)
FN:41,(anonymous_2)
FN:55,(anonymous_3)
FN:79,(anonymous_4)
FN:102,(anonymous_5)
FN:116,(anonymous_6)
FNF:7
FNH:3
FNDA:10,(anonymous_0)
FNDA:4,(anonymous_1)
FNDA:0,(anonymous_2)
FNDA:3,(anonymous_3)
FNDA:0,(anonymous_4)
FNDA:0,(anonymous_5)
FNDA:0,(anonymous_6)
DA:1,1
DA:2,1
DA:3,1
DA:8,10
DA:10,10
DA:12,6
DA:14,5
DA:16,4
DA:22,9
DA:28,4
DA:30,4
DA:32,3
DA:36,3
DA:42,0
DA:44,0
DA:46,0
DA:50,0
DA:56,3
DA:58,3
DA:60,3
DA:62,2
DA:67,1
DA:74,2
DA:80,0
DA:82,0
DA:84,0
DA:86,0
DA:91,0
DA:97,0
DA:103,0
DA:105,0
DA:107,0
DA:111,0
DA:117,0
DA:119,0
DA:123,0
DA:128,1
LF:37
LH:20
BRF:0
BRH:0
end_of_record
TN:
SF:app\controllers\division.controller.js
FN:5,(anonymous_0)
FNF:1
FNH:0
FNDA:0,(anonymous_0)
DA:1,1
DA:6,0
DA:9,1
LF:3
LH:2
BRF:0
BRH:0
end_of_record
TN:
SF:app\middlewares\dataCleaner.js
FN:5,(anonymous_0)
FN:18,(anonymous_1)
FN:27,(anonymous_2)
FNF:3
FNH:2
FNDA:4,(anonymous_0)
FNDA:1,(anonymous_1)
FNDA:0,(anonymous_2)
DA:1,1
DA:6,4
DA:15,4
DA:19,1
DA:23,1
DA:28,0
DA:33,0
DA:37,1
LF:8
LH:6
BRF:0
BRH:0
end_of_record
TN:
SF:app\middlewares\jwt.js
FN:11,(anonymous_0)
FN:23,(anonymous_1)
FN:39,(anonymous_2)
FN:47,(anonymous_3)
FNF:4
FNH:3
FNDA:1,(anonymous_0)
FNDA:5,(anonymous_1)
FNDA:4,(anonymous_2)
FNDA:0,(anonymous_3)
DA:2,1
DA:12,1
DA:19,1
DA:24,5
DA:26,5
DA:27,1
DA:30,4
DA:31,4
DA:32,4
DA:33,4
DA:35,0
DA:40,4
DA:41,0
DA:43,4
DA:48,0
DA:49,0
DA:53,0
DA:57,1
LF:18
LH:13
BRDA:26,0,0,1
BRDA:26,0,1,4
BRDA:40,1,0,0
BRDA:40,1,1,4
BRDA:48,2,0,0
BRDA:48,2,1,0
BRDA:48,3,0,0
BRDA:48,3,1,0
BRF:8
BRH:3
end_of_record
TN:
SF:app\models\apiPath.model.js
FN:1,(anonymous_0)
FNF:1
FNH:1
FNDA:1,(anonymous_0)
DA:1,1
DA:2,1
DA:24,1
LF:3
LH:3
BRF:0
BRH:0
end_of_record
TN:
SF:app\models\as400TransactionLog.model.js
FN:1,(anonymous_0)
FNF:1
FNH:1
FNDA:1,(anonymous_0)
DA:1,1
DA:2,1
DA:31,1
LF:3
LH:3
BRF:0
BRH:0
end_of_record
TN:
SF:app\models\authentication.js
FN:1,(anonymous_0)
FNF:1
FNH:1
FNDA:1,(anonymous_0)
DA:1,1
DA:2,1
DA:36,1
LF:3
LH:3
BRF:0
BRH:0
end_of_record
TN:
SF:app\models\division.model.js
FN:1,(anonymous_0)
FNF:1
FNH:1
FNDA:1,(anonymous_0)
DA:1,1
DA:2,1
DA:31,1
LF:3
LH:3
BRF:0
BRH:0
end_of_record
TN:
SF:app\models\index.js
FNF:0
FNH:0
DA:1,1
DA:2,1
DA:3,1
DA:5,1
DA:6,1
DA:9,1
DA:10,1
DA:22,1
DA:23,1
DA:24,1
DA:27,1
DA:28,1
DA:32,1
DA:33,1
DA:34,1
DA:35,1
DA:36,1
DA:37,1
DA:38,1
DA:39,1
DA:40,1
DA:41,1
DA:42,1
DA:43,1
DA:46,1
DA:47,1
DA:48,1
DA:53,1
DA:54,1
DA:55,1
DA:60,1
DA:61,1
DA:62,1
DA:67,1
DA:68,1
DA:69,1
DA:70,1
DA:72,1
LF:38
LH:38
BRF:0
BRH:0
end_of_record
TN:
SF:app\models\inventoryArea.model.js
FN:1,(anonymous_0)
FNF:1
FNH:1
FNDA:1,(anonymous_0)
DA:1,1
DA:2,1
DA:33,1
LF:3
LH:3
BRF:0
BRH:0
end_of_record
TN:
SF:app\models\job.model.js
FN:1,(anonymous_0)
FNF:1
FNH:1
FNDA:1,(anonymous_0)
DA:1,1
DA:2,1
DA:29,1
LF:3
LH:3
BRF:0
BRH:0
end_of_record
TN:
SF:app\models\jobLog.model.js
FN:1,(anonymous_0)
FNF:1
FNH:1
FNDA:1,(anonymous_0)
DA:1,1
DA:2,1
DA:44,1
LF:3
LH:3
BRF:0
BRH:0
end_of_record
TN:
SF:app\models\jobStatus.model.js
FN:1,(anonymous_0)
FNF:1
FNH:1
FNDA:1,(anonymous_0)
DA:1,1
DA:2,1
DA:29,1
LF:3
LH:3
BRF:0
BRH:0
end_of_record
TN:
SF:app\models\level.model.js
FN:1,(anonymous_0)
FNF:1
FNH:1
FNDA:1,(anonymous_0)
DA:1,1
DA:2,1
DA:21,1
LF:3
LH:3
BRF:0
BRH:0
end_of_record
TN:
SF:app\models\mrRequest.model.js
FN:1,(anonymous_0)
FNF:1
FNH:1
FNDA:1,(anonymous_0)
DA:1,1
DA:2,1
DA:53,1
LF:3
LH:3
BRF:0
BRH:0
end_of_record
TN:
SF:app\models\product.model.js
FN:1,(anonymous_0)
FNF:1
FNH:1
FNDA:1,(anonymous_0)
DA:1,1
DA:2,1
DA:69,1
LF:3
LH:3
BRF:0
BRH:0
end_of_record
TN:
SF:app\models\productLog.model.js
FN:1,(anonymous_0)
FNF:1
FNH:1
FNDA:1,(anonymous_0)
DA:1,1
DA:2,1
DA:81,1
LF:3
LH:3
BRF:0
BRH:0
end_of_record
TN:
SF:app\models\role.model.js
FN:1,(anonymous_0)
FNF:1
FNH:1
FNDA:1,(anonymous_0)
DA:1,1
DA:2,1
DA:21,1
LF:3
LH:3
BRF:0
BRH:0
end_of_record
TN:
SF:app\models\unitPrice.model.js
FN:1,(anonymous_0)
FNF:1
FNH:1
FNDA:1,(anonymous_0)
DA:1,1
DA:2,1
DA:24,1
LF:3
LH:3
BRF:0
BRH:0
end_of_record
TN:
SF:app\repositories\authentication.repository.js
FN:10,(anonymous_0)
FN:15,(anonymous_1)
FN:24,(anonymous_2)
FN:33,(anonymous_3)
FN:41,(anonymous_4)
FN:54,(anonymous_5)
FN:67,(anonymous_6)
FN:75,(anonymous_7)
FNF:8
FNH:6
FNDA:1,(anonymous_0)
FNDA:9,(anonymous_1)
FNDA:5,(anonymous_2)
FNDA:2,(anonymous_3)
FNDA:1,(anonymous_4)
FNDA:1,(anonymous_5)
FNDA:0,(anonymous_6)
FNDA:0,(anonymous_7)
DA:1,1
DA:2,1
DA:3,1
DA:4,1
DA:5,1
DA:7,1
DA:11,1
DA:16,9
DA:25,5
DA:34,2
DA:42,1
DA:55,1
DA:68,0
DA:76,0
DA:95,1
LF:15
LH:13
BRF:0
BRH:0
end_of_record
TN:
SF:app\repositories\base.repository.js
FN:2,(anonymous_0)
FN:6,(anonymous_1)
FN:11,(anonymous_2)
FN:15,(anonymous_3)
FN:19,(anonymous_4)
FN:23,(anonymous_5)
FNF:6
FNH:3
FNDA:2,(anonymous_0)
FNDA:4,(anonymous_1)
FNDA:0,(anonymous_2)
FNDA:0,(anonymous_3)
FNDA:3,(anonymous_4)
FNDA:0,(anonymous_5)
DA:3,2
DA:7,4
DA:8,4
DA:12,0
DA:16,0
DA:20,3
DA:21,3
DA:24,0
DA:32,1
LF:9
LH:6
BRF:0
BRH:0
end_of_record
TN:
SF:app\repositories\division.repository.js
FN:7,(anonymous_0)
FN:12,(anonymous_1)
FNF:2
FNH:1
FNDA:1,(anonymous_0)
FNDA:0,(anonymous_1)
DA:1,1
DA:2,1
DA:4,1
DA:8,1
DA:13,0
DA:17,1
LF:6
LH:5
BRF:0
BRH:0
end_of_record
TN:
SF:app\routes\authentication.routes.js
FN:4,(anonymous_0)
FNF:1
FNH:1
FNDA:1,(anonymous_0)
DA:1,1
DA:2,1
DA:4,1
DA:5,1
DA:6,1
DA:7,1
DA:13,1
DA:19,1
DA:23,1
DA:29,1
LF:10
LH:10
BRF:0
BRH:0
end_of_record
TN:
SF:app\routes\division.routes.js
FN:3,(anonymous_0)
FNF:1
FNH:1
FNDA:1,(anonymous_0)
DA:1,1
DA:3,1
DA:4,1
LF:3
LH:3
BRF:0
BRH:0
end_of_record
TN:
SF:app\schemas\authenication.schema.js
FNF:0
FNH:0
DA:1,1
DA:3,1
DA:58,1
LF:3
LH:3
BRF:0
BRH:0
end_of_record
TN:
SF:app\services\authentication.service.js
FN:7,(anonymous_0)
FN:19,(anonymous_1)
FN:29,(anonymous_2)
FN:37,(anonymous_3)
FN:54,(anonymous_4)
FN:65,(anonymous_5)
FN:74,(anonymous_6)
FN:90,(anonymous_7)
FN:101,(anonymous_8)
FN:113,(anonymous_9)
FN:123,(anonymous_10)
FNF:11
FNH:7
FNDA:4,(anonymous_0)
FNDA:6,(anonymous_1)
FNDA:5,(anonymous_2)
FNDA:3,(anonymous_3)
FNDA:0,(anonymous_4)
FNDA:3,(anonymous_5)
FNDA:2,(anonymous_6)
FNDA:1,(anonymous_7)
FNDA:0,(anonymous_8)
FNDA:0,(anonymous_9)
FNDA:0,(anonymous_10)
DA:1,1
DA:2,1
DA:3,1
DA:8,4
DA:9,4
DA:10,1
DA:12,3
DA:13,3
DA:15,0
DA:20,6
DA:23,6
DA:24,1
DA:30,5
DA:31,5
DA:32,1
DA:38,3
DA:39,3
DA:40,3
DA:41,1
DA:43,2
DA:44,1
DA:46,1
DA:47,1
DA:49,0
DA:55,0
DA:56,0
DA:57,0
DA:58,0
DA:60,0
DA:67,3
DA:68,3
DA:69,1
DA:76,2
DA:80,2
DA:84,2
DA:85,1
DA:91,1
DA:92,1
DA:93,1
DA:94,1
DA:96,0
DA:102,0
DA:103,0
DA:104,0
DA:105,0
DA:106,0
DA:108,0
DA:114,0
DA:115,0
DA:116,0
DA:118,0
DA:124,0
DA:125,0
DA:127,0
DA:132,1
LF:55
LH:34
BRDA:12,0,0,3
BRDA:12,0,1,0
BRDA:23,1,0,1
BRDA:23,1,1,5
BRDA:31,2,0,1
BRDA:31,2,1,4
BRDA:43,3,0,1
BRDA:43,3,1,1
BRDA:46,4,0,1
BRDA:46,4,1,0
BRDA:68,5,0,1
BRDA:68,5,1,2
BRDA:84,6,0,1
BRDA:84,6,1,1
BRF:14
BRH:12
end_of_record
TN:
SF:app\services\division.service.js
FN:4,(anonymous_0)
FNF:1
FNH:0
FNDA:0,(anonymous_0)
DA:1,1
DA:5,0
DA:9,1
LF:3
LH:2
BRF:0
BRH:0
end_of_record
TN:
SF:app\validators\authentication.validator.js
FN:5,(anonymous_0)
FN:14,(anonymous_1)
FN:23,(anonymous_2)
FN:32,(anonymous_3)
FN:41,(anonymous_4)
FNF:5
FNH:3
FNDA:10,(anonymous_0)
FNDA:4,(anonymous_1)
FNDA:3,(anonymous_2)
FNDA:0,(anonymous_3)
FNDA:0,(anonymous_4)
DA:1,1
DA:6,10
DA:7,10
DA:9,4
DA:15,4
DA:16,4
DA:18,1
DA:24,3
DA:25,3
DA:27,0
DA:33,0
DA:34,0
DA:36,0
DA:42,0
DA:43,0
DA:45,0
DA:50,1
LF:17
LH:10
BRDA:7,0,0,4
BRDA:7,0,1,6
BRDA:16,1,0,1
BRDA:16,1,1,3
BRDA:25,2,0,0
BRDA:25,2,1,3
BRDA:34,3,0,0
BRDA:34,3,1,0
BRDA:43,4,0,0
BRDA:43,4,1,0
BRF:10
BRH:5
end_of_record
